2019-09-08 15:42:42.930685,27.6k,150,1563
2019-09-09 12:00:21.524360,27.6k,150,1564
2019-09-10 12:00:13.782553,27.6k,150,1564
2019-09-11 12:00:13.624014,27.7k,150,1566
2019-09-12 12:00:15.186354,27.7k,150,1566
2019-09-13 12:00:13.992806,27.8k,150,1567
2019-09-14 12:00:16.265461,27.8k,150,1567
2019-09-15 12:00:15.807556,27.9k,150,1567
2019-09-16 12:00:14.918418,27.9k,150,1568
2019-09-17 12:00:16.655847,28k,150,1568
2019-09-18 12:00:14.662641,28k,150,1569
2019-09-19 12:00:16.101161,28k,150,1570
2019-09-20 12:00:14.783794,28.1k,150,1571
2019-09-21 12:00:15.409104,28.1k,149,1571
2019-09-22 12:00:15.964151,28.1k,150,1572
2019-09-23 12:00:16.176981,28.2k,150,1573
2019-09-24 12:00:17.208463,28.2k,150,1574
2019-09-25 12:00:15.003923,28.2k,150,1574
2019-09-26 12:00:14.031854,28.3k,150,1575
2019-09-27 12:00:15.852796,28.3k,150,1575
2019-09-28 12:00:14.499925,28.3k,150,1576
2019-09-29 12:00:15.902175,28.4k,150,1576
2019-09-30 12:00:15.445067,28.4k,150,1577
2019-10-01 12:00:15.344013,28.4k,150,1578
2019-10-02 12:00:15.621147,28.5k,150,1578
2019-10-03 12:00:15.419332,28.5k,151,1579
2019-10-04 12:00:17.103722,28.5k,151,1579
2019-10-05 12:00:15.533333,28.6k,151,1579
2019-10-06 12:00:16.678647,28.6k,151,1579
2019-10-07 12:00:14.914089,28.6k,151,1579
2019-10-08 12:00:15.097674,28.7k,151,1580
2019-10-09 12:00:17.696277,28.7k,152,1581
2019-10-10 12:00:15.286813,28.8k,153,1582
2019-10-11 12:00:15.206660,28.8k,153,1583
2019-10-12 12:00:16.062223,28.8k,153,1584
2019-10-13 12:00:20.562317,28.8k,153,1584
2019-10-14 12:00:16.433860,28.8k,153,1584
2019-10-15 12:00:16.335532,28.9k,153,1585
2019-10-16 12:00:17.462820,28.9k,153,1586
2019-10-17 12:00:15.320449,28.9k,153,1588
2019-10-18 12:00:16.838673,28.9k,153,1590
2019-10-19 12:00:14.897850,29k,153,1591
2019-10-20 12:00:15.867269,29k,153,1592
2019-10-21 12:00:16.000119,29k,153,1592
2019-10-22 12:00:15.663591,29.1k,157,1593
2019-10-23 12:00:14.942676,29.1k,157,1594
2019-10-24 12:00:15.694091,29.1k,157,1594
2019-10-25 12:00:17.105687,29.2k,157,1594
2019-10-26 12:00:15.021806,29.2k,157,1594
2019-10-27 12:00:16.911804,29.2k,157,1595
2019-10-28 12:00:14.687510,29.2k,157,1596
2019-10-29 12:00:15.222904,29.3k,157,1597
2019-10-30 12:00:16.258787,29.3k,157,1597
2019-10-31 12:00:14.543496,29.3k,158,1598
2019-11-01 12:00:14.227052,29.4k,158,1598
2019-11-02 12:00:13.227478,29.4k,158,1599
2019-11-03 12:00:13.170674,29.4k,158,1599
2019-11-04 12:00:13.880402,29.5k,158,1599
2019-11-05 12:00:14.204447,29.5k,159,1600
2019-11-06 12:00:15.326473,29.5k,160,1601
2019-11-07 12:00:14.331143,29.6k,161,1601
2019-11-08 12:00:13.544368,29.6k,161,1601
2019-11-09 12:00:14.633855,29.6k,161,1602
2019-11-10 12:00:13.957956,29.6k,161,1602
2019-11-11 12:00:14.868121,29.7k,161,1603
2019-11-12 12:00:14.252863,29.7k,162,1604
2019-11-13 12:00:16.540495,29.7k,163,1605
2019-11-14 12:00:29.296043,29.8k,163,1605
2019-11-15 12:00:14.607326,29.8k,163,1605
2019-11-16 12:00:13.035406,29.8k,164,1606
2019-11-17 12:00:13.495015,29.9k,164,1606
2019-11-18 12:00:13.492100,29.9k,164,1606
2019-11-19 12:00:14.585056,29.9k,218,1608
2019-11-20 12:00:13.284346,29.9k,218,1609
2019-11-21 12:00:16.289146,30k,219,1609
2019-11-22 12:00:14.615855,30k,244,1610
2019-11-23 12:00:12.687314,30k,257,1611
2019-11-24 12:00:12.553925,30.1k,257,1611
2019-11-25 12:00:12.901726,30.1k,257,1612
2019-11-26 12:00:12.515321,30.1k,264,1613
2019-11-27 12:00:13.167637,30.1k,264,1614
2019-11-28 12:00:12.077888,30.2k,264,1614
2019-11-29 12:00:12.765491,30.3k,264,1615
2019-11-30 12:00:13.314806,30.4k,264,1615
2019-12-01 12:00:12.365230,30.4k,264,1616
2019-12-02 12:00:12.823618,30.5k,264,1617
2019-12-03 12:00:12.688727,30.5k,264,1618
2019-12-04 12:00:20.018245,30.5k,264,1618
2019-12-05 12:00:16.109967,30.5k,264,1619
2019-12-06 12:00:16.055187,30.5k,264,1620
2019-12-07 12:00:13.716069,30.6k,264,1620
2019-12-08 12:00:13.963192,30.6k,265,1621
2019-12-09 12:00:13.322860,30.6k,266,1621
2019-12-10 12:00:12.762211,30.6k,284,1622
2019-12-11 12:00:13.691826,30.6k,288,1623
2019-12-12 12:00:14.841487,30.6k,298,1624
2019-12-13 12:00:15.615027,30.7k,300,1625
2019-12-14 12:00:12.931785,30.7k,313,1625
2019-12-15 12:00:14.213303,30.7k,336,1625
2019-12-16 12:00:13.936802,30.7k,338,1625
2019-12-17 12:00:14.771507,30.7k,346,1627
2019-12-18 12:00:14.617304,30.8k,346,1627
2019-12-19 12:00:13.818238,30.8k,347,1628
2019-12-20 12:00:13.660289,30.8k,347,1628
2019-12-21 12:00:13.547697,30.8k,347,1628
2019-12-22 12:00:14.523960,30.8k,350,1629
2019-12-23 12:00:13.459205,30.9k,351,1630
2019-12-24 12:00:12.844891,30.9k,351,1630
2019-12-25 12:00:13.696786,30.9k,351,1631
2019-12-26 12:00:13.286513,30.9k,351,1631
2019-12-27 12:02:14.313894,30.9k,351,1631
2019-12-28 12:00:13.407377,30.9k,351,1631
2019-12-29 12:00:13.630653,30.9k,351,1632
2019-12-30 12:00:13.439356,31k,352,1632
2019-12-31 12:00:13.890470,31k,352,1632
2020-01-01 12:00:13.571414,31k,352,1633
2020-01-02 12:00:13.660682,31k,352,1634
2020-01-03 12:00:13.973046,31k,1635,“That’s
2020-01-04 12:00:14.210872,31.1k,1635,“That’s
2020-01-05 12:00:13.419671,31.1k,1635,“That’s
2020-01-06 12:00:20.480804,31.1k,1636,“That’s
2020-01-07 12:00:14.808155,31.1k,1636,“That’s
2020-01-08 12:00:13.764028,31.1k,1637,“That’s
2020-01-09 12:00:16.998667,31.1k,1637,“That’s
2020-01-10 12:00:18.437231,31.2k,1638,“That’s
2020-01-11 12:00:14.105811,31.2k,1638,“That’s
2020-01-12 12:00:14.773203,31.2k,1638,“That’s
2020-01-13 12:00:13.966699,31.3k,1639,“That’s
2020-01-14 12:00:14.079075,31.4k,1639,“That’s
2020-01-15 12:00:14.715860,31.4k,1640,“That’s
2020-01-16 12:00:21.425700,31.5k,1640,“That’s
2020-01-17 12:00:13.294216,31.5k,1641,“That’s
2020-01-18 12:00:13.388258,31.5k,1641,“That’s
2020-01-19 12:00:14.359933,31.5k,1641,“That’s
2020-01-20 12:00:14.466572,31.6k,1641,“That’s
2020-01-21 12:00:14.358598,31.6k,1642,“That’s
2020-01-22 12:00:13.401979,31.6k,1643,“That’s
2020-01-23 12:00:13.912719,31.6k,1644,“That’s
2020-01-24 12:00:14.441749,31.6k,1644,“That’s
2020-01-25 12:00:14.784320,31.7k,1645,“That’s
2020-01-27 12:00:14.612027,31.7k,1646,“That’s
2020-01-28 12:00:14.734950,31.9k,1646,“That’s
2020-01-29 12:00:13.294471,31.9k,1647,“That’s
2020-01-30 12:00:14.543348,31.9k,1647,“That’s
2020-01-31 12:00:16.330862,31.9k,1648,“That’s
2020-02-01 12:00:13.233508,32k,1648,“That’s
2020-02-02 12:00:14.309284,32k,1648,“That’s
2020-02-03 12:00:14.566998,32k,1649,“That’s
2020-02-04 12:00:15.556282,32k,1649,“That’s
2020-02-05 12:00:13.781491,32.1k,1650,“That’s
2020-02-06 12:00:16.967180,32.1k,1650,“That’s
2020-02-07 12:00:15.069840,32.1k,1652,“That’s
2020-02-08 12:00:14.232249,32.1k,1652,“That’s
2020-02-09 12:00:15.090702,32.2k,1653,“That’s
2020-02-10 12:00:15.295240,32.2k,1653,“That’s
2020-02-11 12:00:17.231501,32.2k,1654,“That’s
2020-02-12 12:00:15.901016,32.2k,1655,“That’s
2020-02-13 12:00:18.379564,32.3k,1655,“That’s
2020-02-14 12:00:15.462878,32.3k,1656,“That’s
2020-02-15 12:00:14.158426,32.3k,1656,“That’s
2020-02-16 12:00:14.334322,32.3k,1657,“That’s
2020-02-17 12:00:14.263723,32.4k,1658,“That’s
2020-02-18 12:00:14.241094,32.4k,1659,“That’s
2020-02-19 12:00:16.459255,32.4k,1659,“That’s
2020-02-20 12:00:15.165544,32.5k,1660,“That’s
2020-02-21 12:00:17.479970,32.5k,1660,“That’s
2020-02-22 12:00:14.616322,32.5k,1660,“That’s
2020-02-23 12:00:14.413062,32.5k,1660,“That’s
2020-02-24 12:00:15.765661,32.6k,1661,“That’s
2020-02-25 12:00:14.252101,32.6k,1661,“That’s
2020-02-26 12:00:15.573704,32.6k,1662,“That’s
2020-02-27 12:00:14.580594,32.6k,1662,“That’s
2020-02-28 12:00:15.993197,32.7k,1663,“That’s
2020-02-29 12:00:14.499629,32.7k,1663,“That’s
2020-03-01 12:00:14.319651,32.7k,1663,“That’s
2020-03-02 12:00:14.595456,32.7k,1664,“That’s
2020-03-03 12:00:14.672373,32.7k,415,1664
2020-03-04 12:00:14.555715,32.8k,417,1665
2020-03-05 12:00:14.234381,32.8k,419,1666
2020-03-06 12:00:15.737095,32.8k,423,1666
2020-03-07 12:00:15.560215,32.8k,423,1666
2020-03-08 12:00:14.906483,32.8k,424,1667
2020-03-09 12:00:13.976704,32.8k,424,1668
2020-03-10 12:00:14.286671,32.9k,424,1668
2020-03-11 12:00:14.994137,32.9k,425,1668
2020-03-12 12:00:15.061411,32.9k,425,1669
2020-03-13 12:00:14.721250,33k,425,1669
2020-03-14 12:00:14.437069,33k,425,1670
2020-03-15 12:00:15.226428,33k,425,1670
2020-03-16 12:00:16.659577,33.1k,426,1671
2020-03-17 12:00:16.234174,33.1k,427,1672
2020-03-18 12:00:15.607399,33.2k,429,1673
2020-03-19 12:00:15.449702,33.2k,430,1673
2020-03-20 12:00:17.065634,33.2k,429,1674
2020-03-21 12:00:15.190515,33.3k,429,1674
2020-03-22 12:00:20.026024,33.3k,429,1675
2020-03-23 12:00:14.910439,33.3k,429,1675
2020-03-24 12:00:15.559424,33.4k,431,1677
2020-03-25 12:00:17.155572,33.3k,437,1677
2020-03-26 12:00:17.327999,33.3k,437,1678
2020-03-27 12:00:15.621999,33.3k,438,1679
2020-03-28 12:00:15.465589,33.3k,437,1679
2020-03-29 12:00:18.745680,33.4k,436,1679
2020-03-30 12:00:17.102370,33.5k,436,1680
2020-03-31 12:00:17.921689,33.5k,436,1680
2020-04-01 12:00:20.687943,33.5k,437,1681
2020-04-02 12:00:22.501887,33.6k,437,1681
2020-04-03 12:00:23.122537,33.6k,437,1682
2020-04-04 12:01:38.806555,33.6k,437,1682
2020-04-05 12:00:18.173963,33.7k,437,1683
2020-04-06 12:00:19.263941,33.7k,437,1683
2020-04-07 12:00:20.044320,33.8k,437,1684
2020-04-08 12:00:22.209767,33.8k,437,1684
2020-04-09 12:00:20.953276,33.9k,437,1685
2020-04-10 12:00:19.884254,33.9k,437,1685
2020-04-11 12:00:17.183586,34k,436,1685
2020-04-12 12:00:17.413465,34k,437,1686
2020-04-13 12:00:17.465327,34k,437,1686
2020-04-14 12:00:20.437895,34.1k,438,1687
2020-04-15 12:00:19.849333,34.1k,440,1687
2020-04-16 12:00:17.380675,34.2k,440,1686
2020-04-17 12:00:17.207433,34.2k,441,1687
2020-04-18 12:00:17.006468,34.3k,442,1687
2020-04-19 12:00:18.088820,34.3k,443,1687
2020-04-20 12:00:20.136201,34.3k,443,1688
2020-04-21 12:00:19.136562,34.3k,444,1688
2020-04-23 12:00:16.995388,34.4k,448,1689
2020-04-24 12:00:19.559042,34.5k,448,1689
2020-04-26 12:00:16.611745,34.5k,448,1689
2020-04-27 12:00:16.830388,34.5k,448,1690
2020-04-28 12:00:17.010834,34.6k,449,1690
2020-04-29 12:00:36.488882,34.6k,449,1691
2020-04-30 12:00:23.054269,34.6k,449,1691
2020-05-01 12:00:22.891464,34.7k,449,1692
2020-05-02 12:00:15.327340,34.7k,451,1692
2020-05-03 12:00:16.375936,34.8k,451,1692
2020-05-04 12:00:20.663534,34.8k,451,1693
2020-05-05 12:00:16.992842,34.9k,451,1693
2020-05-06 12:00:26.926829,34.9k,452,1694
2020-05-07 12:00:15.418243,34.9k,452,1694
2020-05-08 12:00:17.950387,35k,452,1695
2020-05-09 12:00:26.814119,35k,452,1695
2020-05-10 12:00:17.236200,35.1k,452,1695
2020-05-11 12:00:21.275455,35.1k,452,1696
2020-05-12 12:00:18.181954,35.1k,452,1696
2020-05-13 12:00:31.340995,35.1k,452,1696
2020-05-14 12:00:18.884736,35.2k,452,1697
2020-05-15 12:00:17.747546,35.2k,453,1698
2020-05-16 12:00:16.697614,35.2k,454,1698
2020-05-17 12:00:18.767274,35.3k,454,1699
2020-05-18 12:00:17.892019,35.3k,454,1699
2020-05-19 12:00:17.337816,35.3k,454,1700
2020-05-20 12:00:16.950153,35.4k,454,1700
2020-05-21 12:00:18.868295,35.4k,455,1701
2020-05-23 12:00:17.039937,35.5k,456,1701
2020-05-24 12:00:18.127464,35.5k,456,1701
2020-05-25 12:00:21.340380,35.5k,456,1702
2020-05-26 12:00:18.532682,35.5k,456,1702
2020-05-27 12:00:18.637259,35.6k,456,1702
2020-05-28 12:00:17.934972,35.6k,457,1703
2020-05-29 12:00:19.550461,35.6k,458,1704
2020-05-30 12:00:19.645631,35.7k,458,1704
2020-05-31 12:00:20.179831,35.7k,458,1704
2020-06-01 12:00:19.156437,35.7k,458,1704
2020-06-02 12:00:20.709959,35.8k,458,1705
2020-06-03 12:00:27.725875,35.8k,457,1705
2020-06-05 12:00:19.112035,35.8k,457,1705
2020-06-06 12:00:18.753512,35.8k,457,1705
2020-06-07 12:00:19.722878,35.9k,457,1705
2020-06-08 12:00:22.004166,35.9k,457,1706
2020-06-09 12:00:19.845083,35.9k,457,1706
2020-06-10 12:00:19.174966,36k,457,1707
2020-06-11 12:00:19.726625,36k,456,1707
2020-06-12 12:00:20.542890,Carnegie,University,1707
2020-06-13 12:00:17.192053,Carnegie,University,1707
2020-06-14 12:00:18.540702,Carnegie,University,1707
2020-06-15 12:00:18.712172,Carnegie,University,1708
2020-06-16 12:00:26.164714,Carnegie,University,1708
2020-06-17 12:00:22.114905,Carnegie,University,1708
2020-06-18 12:00:20.883474,Carnegie,University,1708
2020-06-19 12:00:20.823867,Carnegie,University,1708
2020-06-20 12:00:23.085012,Carnegie,University,1708
2020-06-21 12:00:36.218745,Carnegie,University,1708
2020-06-22 12:00:20.865779,Carnegie,University,1709
2020-06-23 12:00:24.795440,Carnegie,University,1709
2020-06-24 12:00:20.816800,Carnegie,University,1710
2020-06-25 12:00:21.338396,Carnegie,University,1710
2020-06-26 12:00:21.444211,Carnegie,University,1711
2020-06-27 12:00:23.163207,Carnegie,University,1711
2020-06-28 12:00:18.097164,Carnegie,University,1711
2020-06-29 12:00:19.214815,Carnegie,University,1712
2020-06-30 12:00:24.463942,Carnegie,University,1712
2020-07-01 12:00:28.901343,Carnegie,University,1712
2020-07-02 12:00:21.180008,Carnegie,University,1712
2020-07-03 12:00:25.843390,Carnegie,University,1712
2020-07-04 12:00:20.286188,Carnegie,University,1713
2020-07-05 12:00:19.779835,Carnegie,University,1713
2020-07-06 12:00:24.420147,Carnegie,University,1713
2020-07-07 12:00:19.973031,Carnegie,University,1713
2020-07-08 12:00:17.734241,Carnegie,University,1713
2020-07-09 12:00:21.623221,Carnegie,University,1714
2020-07-10 12:00:20.534095,Carnegie,University,1714
2020-07-11 12:00:17.908102,Carnegie,University,1713
2020-07-12 12:00:18.237968,Carnegie,University,1713
2020-07-13 12:00:19.543538,Carnegie,University,1714
2020-07-14 12:00:21.036645,Carnegie,University,1714
2020-07-15 12:00:19.478114,Carnegie,University,1714
2020-07-16 12:00:33.876588,Carnegie,University,1715
2020-07-17 12:00:19.781583,Carnegie,University,1715
2020-07-18 12:00:19.189116,Carnegie,University,1715
2020-07-19 12:00:19.171854,Carnegie,University,1715
2020-07-20 12:00:19.724180,Carnegie,University,1715
2020-07-21 12:00:20.412521,Carnegie,University,1716
2020-07-22 12:00:19.614003,Carnegie,University,1716
2020-07-23 12:00:19.560865,Carnegie,University,1716
2020-07-24 12:00:19.189551,Carnegie,University,1717
2020-07-25 12:00:18.599165,Carnegie,University,1717
2020-07-26 12:00:19.997617,Carnegie,University,1717
2020-07-27 12:00:19.042819,Carnegie,University,1718
2020-07-28 12:00:20.191898,Carnegie,University,1718
2020-07-29 12:00:19.348012,Carnegie,University,1718
2020-07-30 12:00:19.176721,Carnegie,University,1719
2020-07-31 12:00:24.110090,Carnegie,University,1719
2020-08-01 12:00:20.599297,Carnegie,University,1719
2020-08-02 12:00:19.823730,Carnegie,University,1719
2020-08-03 12:00:27.271560,Carnegie,University,1720
2020-08-05 12:00:19.469276,Carnegie,University,1720
2020-08-06 12:00:22.979704,Carnegie,University,1720
2020-08-07 12:00:19.910034,Carnegie,University,1721
2020-08-08 12:00:18.945173,Carnegie,University,1721
2020-08-09 12:00:21.146119,Carnegie,University,1721
2020-08-10 12:00:24.665180,Carnegie,University,1722
2020-08-11 12:00:21.426404,Carnegie,University,1722
2020-08-12 12:00:26.173674,Carnegie,University,1723
2020-08-13 12:00:22.166533,Carnegie,University,1723
2020-08-14 12:00:22.691597,Carnegie,University,1724
2020-08-15 12:00:20.172513,Carnegie,University,1724
2020-08-16 12:00:22.918038,Carnegie,University,1724
2020-08-17 12:00:20.966097,Carnegie,University,1725
2020-08-18 12:00:37.495722,Carnegie,University,1725
2020-08-19 12:00:22.447850,Carnegie,University,1726
2020-08-20 12:00:38.599044,Carnegie,University,1726
2020-08-21 12:00:21.369758,Carnegie,University,1727
2020-08-22 12:00:19.437905,Carnegie,University,1727
2020-08-23 12:00:23.311585,Carnegie,University,1727
2020-08-24 12:00:21.153855,Carnegie,University,1728
2020-08-25 12:00:22.649162,Carnegie,University,1728
2020-08-26 12:00:23.206680,Carnegie,University,1729
2020-08-27 12:00:25.316708,Carnegie,University,1729
2020-08-28 12:00:26.640135,Carnegie,University,1729
2020-08-29 12:00:31.826261,Carnegie,University,1729
2020-08-30 12:00:22.238673,Carnegie,University,1729
2020-08-31 12:00:22.809319,Carnegie,University,1730
2020-09-01 12:00:25.593176,Carnegie,University,1730
2020-09-02 12:00:21.709174,Carnegie,University,1731
2020-09-03 12:00:21.071330,Carnegie,University,1731
2020-09-04 12:00:25.730258,Carnegie,University,1732
2020-09-05 12:00:21.217525,Carnegie,University,1732
2020-09-06 12:00:21.575132,Carnegie,University,1732
2020-09-07 12:00:24.808634,Carnegie,University,1732
2020-09-08 12:00:22.987289,Carnegie,University,1733
2020-09-09 12:00:25.097131,Carnegie,University,1734
2020-09-10 12:00:24.011771,Carnegie,University,1734
2020-09-11 12:00:25.872399,Carnegie,University,1735
2020-09-12 12:00:24.089688,Carnegie,University,1735
2020-09-13 12:00:22.579840,Carnegie,University,1735
2020-09-14 12:00:24.142151,Carnegie,University,1736
2020-09-15 12:01:54.274463,Carnegie,University,1736
2020-09-16 12:00:23.022765,Carnegie,University,1737
2020-09-17 12:00:32.518746,Carnegie,University,1737
2020-09-18 12:00:28.895677,Carnegie,University,1738
2020-09-19 12:00:24.113549,Carnegie,University,1739
2020-09-20 12:00:22.734684,Carnegie,University,1739
2020-09-22 12:00:23.283467,Carnegie,University,1740
2020-09-23 12:00:24.941975,Carnegie,University,1740
2020-09-24 12:00:23.240359,Carnegie,University,1741
2020-09-25 12:00:26.701025,Carnegie,University,1741
2020-09-26 12:00:25.126402,Carnegie,University,1741
2020-09-27 12:00:24.092486,Carnegie,University,1741
2020-09-28 12:00:24.460591,Carnegie,University,1742
2020-09-29 12:00:33.444527,Carnegie,University,1742
2020-09-30 12:00:39.630624,Carnegie,University,1743
2020-10-01 12:00:23.431210,Carnegie,University,1743
2020-10-02 12:00:28.140513,Carnegie,University,1744
2020-10-03 12:00:21.531892,Carnegie,University,1744
2020-10-04 12:00:25.097416,Carnegie,University,1744
2020-10-05 12:00:23.035332,39.3k,477,1745
2020-10-06 12:00:24.883255,39.3k,477,1745
2020-10-07 12:00:25.582957,39.3k,478,1745
2020-10-08 12:00:27.659264,39.4k,478,1746
