2019-09-08 15:43:11.611325,4108,234,770
2019-09-09 12:00:54.207968,4114,234,771
2019-09-10 12:00:42.806307,4127,234,771
2019-09-11 12:00:43.118384,4132,234,772
2019-09-12 12:00:45.314120,4150,235,774
2019-09-13 12:00:45.916262,4165,235,774
2019-09-14 12:00:48.122998,4176,236,775
2019-09-15 12:00:49.442676,4183,236,775
2019-09-16 12:00:47.946845,4196,236,775
2019-09-17 12:00:49.340122,4199,236,777
2019-09-18 12:00:45.184906,4205,236,777
2019-09-19 12:00:49.204598,4223,236,778
2019-09-20 12:00:48.385618,4237,236,778
2019-09-21 12:00:47.591104,4249,236,779
2019-09-22 12:00:49.206671,4259,236,779
2019-09-23 12:00:46.909135,4267,236,779
2019-09-24 12:00:49.031331,4283,236,780
2019-09-25 12:00:45.591107,4289,236,780
2019-09-26 12:00:44.421326,4293,236,781
2019-09-27 12:00:47.844954,4296,236,781
2019-09-28 12:00:44.257520,4299,236,782
2019-09-29 12:00:47.416018,4307,236,782
2019-09-30 12:00:45.668979,4310,236,782
2019-10-01 12:00:45.826833,4322,236,784
2019-10-02 12:00:45.936864,4335,236,784
2019-10-03 12:00:46.490290,4344,236,786
2019-10-04 12:00:50.536092,4348,237,787
2019-10-05 12:00:47.930170,4356,237,787
2019-10-06 12:00:49.047382,4366,237,787
2019-10-07 12:00:47.524261,4370,237,787
2019-10-08 12:00:46.384477,4379,237,788
2019-10-09 12:00:52.262016,4384,237,789
2019-10-10 12:00:46.930866,4394,240,792
2019-10-11 12:00:47.505451,4400,240,793
2019-10-12 12:00:48.859775,4404,240,793
2019-10-13 12:00:53.849904,4421,240,793
2019-10-14 12:00:49.186817,4430,240,794
2019-10-15 12:00:49.533366,4433,240,794
2019-10-16 12:01:08.915101,4433,240,795
2019-10-17 12:00:48.526648,4440,240,796
2019-10-18 12:00:48.201040,4443,240,797
2019-10-19 12:00:47.807912,4452,240,797
2019-10-20 12:00:48.907420,4461,241,797
2019-10-21 12:00:49.276818,4466,241,797
2019-10-22 12:00:48.543861,4473,241,797
2019-10-23 12:00:45.318814,4480,241,797
2019-10-24 12:00:47.863175,4483,241,797
2019-10-25 12:00:49.479791,4495,241,797
2019-10-26 12:00:46.964779,4508,241,797
2019-10-27 12:00:49.882401,4506,241,797
2019-10-28 12:00:47.133038,4506,241,798
2019-10-29 12:00:45.559492,4510,241,799
2019-10-30 12:00:49.493249,4512,241,800
2019-10-31 12:00:46.085126,4518,243,801
2019-11-01 12:00:41.666938,4524,243,803
2019-11-02 12:00:40.457856,4531,255,803
2019-11-03 12:00:40.307705,4534,256,803
2019-11-04 12:00:41.652768,4536,256,803
2019-11-05 12:00:42.483902,4543,260,804
2019-11-06 12:00:55.193742,4546,263,804
2019-11-07 12:00:43.468798,4551,263,805
2019-11-08 12:00:42.196542,4555,275,806
2019-11-09 12:00:43.047227,4558,276,807
2019-11-10 12:00:41.851094,4562,276,809
2019-11-11 12:00:43.526987,4570,277,810
2019-11-12 12:00:44.685561,4579,277,811
2019-11-13 12:00:46.601825,4591,277,812
2019-11-14 12:01:10.414255,4593,277,812
2019-11-15 12:00:45.065369,4599,303,813
2019-11-16 12:00:41.037793,4607,306,813
2019-11-17 12:00:41.214848,4614,306,813
2019-11-18 12:00:41.112149,4622,308,813
2019-11-19 12:00:44.525028,4631,309,813
2019-11-20 12:00:48.943087,4634,310,813
2019-11-21 12:00:50.922297,4639,310,813
2019-11-22 12:00:44.525427,4643,311,814
2019-11-23 12:00:37.940189,4654,312,815
2019-11-24 12:00:38.570325,4659,312,815
2019-11-25 12:00:38.982189,4663,312,816
2019-11-26 12:00:38.573188,4667,313,817
2019-11-27 12:00:38.621508,4673,313,818
2019-11-28 12:00:37.361639,4674,313,818
2019-11-29 12:00:38.277924,4679,313,818
2019-11-30 12:00:39.396392,4681,313,818
2019-12-01 12:00:38.359947,4690,313,818
2019-12-02 12:00:40.462965,4700,313,818
2019-12-03 12:00:37.700958,4713,313,819
2019-12-04 12:01:07.194250,4718,328,821
2019-12-05 12:00:54.269866,4713,329,821
2019-12-06 12:01:01.179806,4723,330,821
2019-12-07 12:00:40.055975,4730,330,821
2019-12-08 12:00:41.327315,4734,330,821
2019-12-09 12:00:41.645931,4738,330,821
2019-12-10 12:00:38.169193,4741,330,823
2019-12-11 12:00:42.324722,4745,330,824
2019-12-12 12:00:43.565122,4743,334,826
2019-12-13 12:00:43.634533,4740,340,827
2019-12-14 12:00:39.488955,4719,341,828
2019-12-15 12:00:42.447585,4726,341,828
2019-12-16 12:00:42.901111,4731,341,828
2019-12-17 12:00:46.684538,4739,341,828
2019-12-18 12:00:44.705529,4749,348,828
2019-12-19 12:00:44.762365,4754,350,829
2019-12-20 12:00:40.866293,4756,353,829
2019-12-21 12:00:40.183230,4756,355,830
2019-12-22 12:00:42.215626,4762,355,830
2019-12-23 12:00:40.995532,4766,356,830
2019-12-24 12:00:39.684779,4767,357,831
2019-12-25 12:00:42.527747,4769,357,831
2019-12-26 12:00:40.544958,4767,357,831
2019-12-27 12:02:41.960031,4769,357,831
2019-12-28 12:00:41.144820,4767,357,832
2019-12-29 12:00:41.846628,4777,357,832
2019-12-30 12:00:42.209805,4774,358,832
2019-12-31 12:00:43.107049,4768,358,834
2020-01-01 12:00:41.535567,4766,357,835
2020-01-02 12:00:42.630785,4773,356,835
2020-01-03 12:00:42.112670,4777,357,835
2020-01-04 12:00:42.525605,4786,357,835
2020-01-05 12:00:41.054496,4787,357,835
2020-01-06 12:01:16.604776,4788,357,835
2020-01-07 12:00:46.527739,4790,357,835
2020-01-08 12:00:43.254091,4792,357,835
2020-01-09 12:00:51.705899,4799,358,835
2020-01-10 12:00:57.190882,4809,358,835
2020-01-11 12:00:43.016847,4807,358,836
2020-01-12 12:00:44.629812,4813,358,836
2020-01-13 12:00:44.390792,4814,358,836
2020-01-14 12:00:44.824202,4810,357,836
2020-01-15 12:00:43.667891,4818,357,836
2020-01-16 12:01:09.818629,4819,357,836
2020-01-17 12:00:42.984213,4830,358,837
2020-01-18 12:00:42.763839,4830,358,836
2020-01-19 12:00:43.150258,4833,359,836
2020-01-20 12:00:44.289732,4835,359,836
2020-01-21 12:00:43.118574,4842,358,836
2020-01-22 12:00:42.271117,4848,358,836
2020-01-23 12:00:42.808217,4855,358,836
2020-01-24 12:00:42.476485,4861,358,836
2020-01-25 12:00:43.395853,4861,400,836
2020-01-27 12:00:46.465284,4865,406,837
2020-01-28 12:00:46.291383,4867,410,839
2020-01-29 12:00:41.890502,4868,412,840
2020-01-30 12:00:44.379182,4868,413,840
2020-01-31 12:00:44.012059,4874,415,841
2020-02-01 12:00:42.052310,4871,417,841
2020-02-02 12:00:42.124148,4872,417,841
2020-02-03 12:00:43.635231,4874,417,841
2020-02-04 12:00:48.760188,4881,417,842
2020-02-05 12:00:43.236636,4887,418,842
2020-02-06 12:00:52.114056,4892,419,843
2020-02-07 12:00:46.527893,4890,419,844
2020-02-08 12:00:44.261999,4899,425,844
2020-02-09 12:00:44.631796,4904,425,844
2020-02-10 12:00:45.432610,4905,424,844
2020-02-11 12:00:50.238749,4904,425,847
2020-02-12 12:00:49.154600,4912,425,847
2020-02-13 12:00:53.663756,4918,426,849
2020-02-14 12:00:50.248438,4920,427,849
2020-02-15 12:00:44.486060,4913,427,849
2020-02-16 12:00:45.102656,4912,428,849
2020-02-17 12:00:44.340345,4919,428,849
2020-02-18 12:00:45.401957,4926,428,850
2020-02-19 12:00:47.847256,4930,427,850
2020-02-20 12:00:47.143483,4934,427,850
2020-02-21 12:00:57.533556,4935,427,851
2020-02-22 12:00:44.070372,4934,427,851
2020-02-23 12:00:45.756682,4941,427,851
2020-02-24 12:00:48.781678,4941,427,851
2020-02-25 12:00:44.275275,4947,427,851
2020-02-26 12:00:48.018691,4948,427,854
2020-02-27 12:00:44.762540,4955,428,854
2020-02-28 12:00:49.186211,4960,428,854
2020-02-29 12:00:43.419299,4965,428,855
2020-03-01 12:00:43.964203,4974,428,855
2020-03-02 12:00:45.749764,4980,428,855
2020-03-03 12:00:44.564229,4979,429,855
2020-03-04 12:00:44.652995,4982,431,855
2020-03-05 12:00:44.617566,4985,431,855
2020-03-06 12:00:45.352279,4987,431,857
2020-03-07 12:00:47.697486,4993,431,857
2020-03-09 12:00:43.930090,5008,431,857
2020-03-10 12:00:45.033839,5014,431,857
2020-03-11 12:00:45.456946,5016,431,857
2020-03-12 12:00:44.907970,5021,432,857
2020-03-13 12:00:46.585601,5025,432,858
2020-03-14 12:00:44.379928,5027,432,858
2020-03-15 12:00:46.671364,5033,432,858
2020-03-16 12:00:52.718511,5037,432,858
2020-03-17 12:00:50.928140,5039,432,858
2020-03-18 12:00:47.678627,5043,432,858
2020-03-19 12:00:47.701273,5050,432,858
2020-03-20 12:00:49.623084,5057,459,858
2020-03-21 12:00:47.653650,5016,462,858
2020-03-22 12:01:04.853401,5020,462,858
2020-03-23 12:00:45.971689,5025,462,858
2020-03-24 12:00:49.546282,5029,462,858
2020-03-25 12:00:52.283258,5032,462,858
2020-03-26 12:00:52.845447,5032,462,858
2020-03-27 12:00:53.272308,5035,462,858
2020-03-28 12:00:49.209554,5033,462,858
2020-03-29 12:00:59.842097,5036,463,858
2020-03-30 12:00:53.016625,5041,463,858
2020-03-31 12:00:58.304035,Claremont,College,858
2020-04-01 12:01:02.694789,Claremont,College,858
2020-04-02 12:01:03.518772,Claremont,College,858
2020-04-03 12:01:30.724012,Claremont,College,858
2020-04-04 12:04:34.181228,Claremont,College,860
2020-04-05 12:00:58.267961,Claremont,College,860
2020-04-06 12:00:58.733697,Claremont,College,860
2020-04-07 12:01:05.430167,Claremont,College,861
2020-04-08 12:01:05.697312,Claremont,College,862
2020-04-09 12:01:03.533644,Claremont,College,862
2020-04-10 12:00:57.660192,Claremont,College,863
2020-04-11 12:00:54.623090,Claremont,College,864
2020-04-12 12:00:54.343794,Claremont,College,864
2020-04-13 12:00:56.059997,Claremont,College,864
2020-04-14 12:00:59.576228,Claremont,College,864
2020-04-15 12:00:58.506409,Claremont,College,865
2020-04-16 12:01:02.119781,Claremont,College,866
2020-04-17 12:00:56.738490,Claremont,College,867
2020-04-18 12:00:54.279666,Claremont,College,868
2020-04-19 12:00:55.677941,Claremont,College,868
2020-04-20 12:01:02.942010,Claremont,College,868
2020-04-21 12:00:59.299010,Claremont,College,870
2020-04-23 12:00:54.143523,Claremont,College,873
2020-04-24 12:00:57.912427,Claremont,College,875
2020-04-26 12:01:07.765017,Claremont,College,875
2020-04-27 12:00:52.851282,Claremont,College,875
2020-04-28 12:00:52.618749,Claremont,College,875
2020-04-29 12:01:38.037147,Claremont,College,876
2020-04-30 12:01:16.019953,Claremont,College,876
2020-05-01 12:01:11.997547,Claremont,College,877
2020-05-02 12:00:48.889574,Claremont,College,877
2020-05-03 12:00:51.614047,Claremont,College,877
2020-05-04 12:00:56.442347,Claremont,College,877
2020-05-05 12:00:52.400271,Claremont,College,877
2020-05-06 12:01:26.215268,Claremont,College,878
2020-05-07 12:00:47.957251,Claremont,College,878
2020-05-08 12:00:52.162765,Claremont,College,879
2020-05-09 12:01:12.328047,Claremont,College,879
2020-05-10 12:00:53.483826,Claremont,College,879
2020-05-11 12:00:59.857297,Claremont,College,879
2020-05-12 12:00:56.389273,Claremont,College,880
2020-05-13 12:01:29.851556,Claremont,College,881
2020-05-14 12:00:56.604589,Claremont,College,881
2020-05-15 12:00:53.632539,5309,534,880
2020-05-16 12:00:53.581063,5314,535,881
2020-05-17 12:00:54.934570,5320,536,883
2020-05-18 12:00:54.962850,5324,536,883
2020-05-19 12:00:53.902758,5331,536,884
2020-05-20 12:01:00.866625,5340,536,884
2020-05-21 12:00:55.747746,5341,536,884
2020-05-23 12:00:59.619382,5357,536,884
2020-05-25 12:01:02.897767,5370,537,884
2020-05-26 12:00:55.809781,5375,537,884
2020-05-27 12:00:55.897512,5383,537,884
2020-05-28 12:00:55.939273,5381,536,885
2020-05-29 12:00:59.350560,5382,537,887
2020-05-30 12:01:12.366718,5381,537,887
2020-05-31 12:01:02.030057,5383,536,887
2020-06-01 12:00:58.173398,5379,536,887
2020-06-02 12:01:07.271701,5377,536,887
2020-06-03 12:01:15.438274,5382,536,887
2020-06-05 12:01:00.387256,5394,535,887
2020-06-06 12:00:58.262321,5391,535,887
2020-06-07 12:01:02.244325,5401,535,887
2020-06-08 12:01:09.526315,5409,535,887
2020-06-09 12:01:08.204970,5408,535,887
2020-06-10 12:01:02.030478,5417,537,887
2020-06-11 12:00:59.123267,5425,537,887
2020-06-12 12:01:06.308819,5427,536,888
2020-06-13 12:00:56.806507,5434,537,888
2020-06-14 12:00:59.526741,5442,537,888
2020-06-15 12:00:59.513704,5444,537,888
2020-06-16 12:01:24.802195,5448,538,888
2020-06-17 12:01:10.282554,5455,538,888
2020-06-18 12:01:07.239791,5457,539,888
2020-06-19 12:01:03.737888,5452,540,889
2020-06-20 12:01:18.112071,5452,539,889
2020-06-21 12:01:46.100640,5462,541,889
2020-06-22 12:01:04.464045,5465,543,889
2020-06-23 12:01:10.817272,5467,542,889
2020-06-24 12:01:05.258097,5470,542,889
2020-06-25 12:01:07.383307,5483,542,889
2020-06-26 12:01:07.215589,5486,542,889
2020-06-27 12:01:15.756895,5485,542,889
2020-06-28 12:00:57.834985,5495,542,889
2020-06-29 12:01:01.922595,5500,542,889
2020-06-30 12:01:07.198097,5504,541,889
2020-07-01 12:01:20.243380,5510,541,889
2020-07-03 12:01:18.104403,5524,543,890
2020-07-04 12:01:02.996100,5524,543,890
2020-07-05 12:01:03.730033,5524,543,890
2020-07-06 12:01:05.215688,5532,542,890
2020-07-07 12:01:13.717047,5537,542,890
2020-07-08 12:00:56.650028,5544,542,890
2020-07-09 12:01:03.831455,5549,542,890
2020-07-10 12:00:59.236999,5557,542,890
2020-07-11 12:00:54.798589,5563,543,890
2020-07-12 12:00:56.709693,5567,543,890
2020-07-13 12:01:02.253595,5568,543,890
2020-07-14 12:01:03.149039,5577,542,890
2020-07-15 12:01:02.625129,5583,545,890
2020-07-16 12:01:37.923758,5585,545,890
2020-07-17 12:01:06.274654,5590,545,890
2020-07-18 12:01:00.406259,5601,588,890
2020-07-19 12:01:01.762326,5612,592,890
2020-07-20 12:01:00.733993,5619,594,890
2020-07-21 12:01:05.282282,5617,595,890
2020-07-22 12:01:03.465469,5623,596,890
2020-07-23 12:01:07.544534,5630,597,890
2020-07-24 12:01:00.994365,5635,598,890
2020-07-25 12:01:06.422243,5646,599,891
2020-07-26 12:01:01.712215,5652,599,891
2020-07-27 12:01:00.387669,5659,599,891
2020-07-28 12:01:07.697406,5675,601,891
2020-07-29 12:01:09.271549,5691,600,891
2020-07-30 12:01:12.959241,5694,601,891
2020-07-31 12:01:17.176402,5698,601,891
2020-08-02 12:01:02.326852,5708,601,891
2020-08-05 12:01:04.957433,5722,600,893
2020-08-06 12:01:12.776612,5728,600,894
2020-08-07 12:01:04.802001,5727,600,895
2020-08-08 12:01:03.180621,5738,602,896
2020-08-09 12:01:03.978675,5744,603,896
2020-08-10 12:01:32.949849,5744,603,896
2020-08-11 12:01:15.117349,5756,604,897
2020-08-12 12:01:24.092287,5762,604,898
2020-08-13 12:01:16.278052,5760,604,899
2020-08-14 12:01:11.202196,5766,604,900
2020-08-15 12:01:09.392752,5767,603,901
2020-08-16 12:01:18.758185,5763,602,902
2020-08-17 12:01:24.734432,5770,603,902
2020-08-18 12:01:38.230302,5800,722,902
2020-08-19 12:01:15.899003,5819,774,902
2020-08-20 12:01:30.414787,5829,779,902
2020-08-21 12:01:10.135452,5830,783,904
2020-08-22 12:01:11.770726,5836,787,905
2020-08-23 12:01:15.843852,5847,789,906
2020-08-24 12:01:16.047708,5854,795,907
2020-08-25 12:01:19.226083,5862,796,907
2020-08-26 12:01:36.335587,5874,797,908
2020-08-27 12:01:27.602684,5876,798,908
2020-08-28 12:01:45.639297,5874,800,909
2020-08-29 12:01:21.765037,5880,800,912
2020-08-30 12:01:15.699582,5881,800,912
2020-08-31 12:01:18.280313,5885,800,912
2020-09-02 12:01:17.380399,5903,802,913
2020-09-03 12:01:22.395054,5914,802,913
2020-09-04 12:01:32.093111,5920,801,913
2020-09-05 12:01:14.866951,5930,802,913
2020-09-06 12:01:15.141941,5932,802,913
2020-09-07 12:01:26.862981,5936,802,914
2020-09-08 12:01:18.502625,5936,804,914
2020-09-09 12:01:22.831024,5949,805,915
2020-09-10 12:01:20.355601,5957,805,915
2020-09-11 12:01:25.556936,5967,806,915
2020-09-12 12:01:23.249863,5974,806,918
2020-09-13 12:01:17.123696,5977,805,918
2020-09-14 12:01:23.225774,5980,805,918
2020-09-15 12:06:37.799149,5993,804,918
2020-09-16 12:01:18.993807,5992,806,919
2020-09-17 12:02:06.668763,5990,806,920
2020-09-18 12:01:30.541067,5994,806,922
2020-09-19 12:01:23.597464,6003,807,922
2020-09-20 12:01:20.054298,6004,807,923
2020-09-22 12:01:18.355807,6010,807,923
2020-09-23 12:01:18.095170,6019,808,924
2020-09-24 12:01:30.918230,6027,808,924
2020-09-25 12:01:41.342276,6028,808,925
2020-09-26 12:01:26.861757,6038,808,925
2020-09-27 12:01:21.299158,6041,808,926
2020-09-28 12:01:25.452971,6044,808,926
2020-09-29 12:01:48.332658,6048,809,926
2020-09-30 12:01:52.945360,6057,809,928
2020-10-01 12:01:23.592307,6064,809,930
2020-10-02 12:01:26.480885,6071,822,931
2020-10-03 12:01:13.870361,6073,822,932
2020-10-04 12:01:24.594805,6072,823,933
2020-10-05 12:01:22.206907,6072,823,933
2020-10-06 12:01:27.997382,6084,824,933
2020-10-07 12:01:37.017522,6092,825,933
2020-10-08 12:01:34.180521,6095,824,934
