2019-09-08 15:42:58.187295,60.3k,1735,1607
2019-09-09 12:00:39.939433,60.4k,1736,1607
2019-09-10 12:00:30.067548,60.4k,1736,1608
2019-09-11 12:00:30.622761,60.5k,1736,1610
2019-09-12 12:00:32.573806,60.6k,1736,1610
2019-09-13 12:00:33.414225,60.7k,1736,1611
2019-09-14 12:00:34.990474,60.8k,1736,1612
2019-09-15 12:00:35.140008,60.9k,1736,1612
2019-09-16 12:00:33.797664,61k,1736,1612
2019-09-17 12:00:35.892183,61k,1735,1612
2019-09-18 12:00:32.004475,61.1k,1735,1612
2019-09-19 12:00:35.127892,61.2k,1736,1613
2019-09-20 12:00:34.893783,61.3k,1735,1614
2019-09-21 12:00:33.744086,61.3k,1734,1615
2019-09-22 12:00:35.198383,61.4k,1734,1615
2019-09-23 12:00:33.663378,61.5k,1734,1615
2019-09-24 12:00:35.653524,61.6k,1734,1616
2019-09-25 12:00:33.061272,61.7k,1734,1616
2019-09-26 12:00:31.332901,61.7k,1734,1616
2019-09-27 12:00:34.113122,61.8k,1734,1617
2019-09-28 12:00:31.762798,61.8k,1733,1618
2019-09-29 12:00:34.017160,61.9k,1733,1618
2019-09-30 12:00:32.691741,62k,1732,1618
2019-10-01 12:00:32.902532,62k,1733,1618
2019-10-02 12:00:33.071498,62.1k,1732,1619
2019-10-03 12:00:33.383458,62.1k,1732,1620
2019-10-04 12:00:36.405263,62.1k,1731,1620
2019-10-05 12:00:33.625974,62.2k,1731,1620
2019-10-06 12:00:35.286694,62.2k,1733,1620
2019-10-07 12:00:33.758189,62.3k,1732,1620
2019-10-08 12:00:33.046897,62.3k,1732,1621
2019-10-09 12:00:37.334518,62.3k,1733,1622
2019-10-10 12:00:33.344914,62.4k,1733,1622
2019-10-11 12:00:33.394714,62.4k,1733,1622
2019-10-12 12:00:34.923378,62.4k,1733,1623
2019-10-13 12:00:39.918656,62.5k,1733,1623
2019-10-14 12:00:35.215010,62.6k,1735,1623
2019-10-15 12:00:35.461713,62.6k,1735,1625
2019-10-16 12:00:44.367835,62.7k,1738,1626
2019-10-17 12:00:32.984880,62.7k,1738,1626
2019-10-18 12:00:34.661350,62.8k,1738,1626
2019-10-19 12:00:34.195843,62.8k,1738,1627
2019-10-20 12:00:34.952382,63k,1739,1628
2019-10-21 12:00:35.169960,63.1k,1741,1628
2019-10-22 12:00:34.438117,63.2k,1741,1629
2019-10-23 12:00:32.219580,63.2k,1740,1629
2019-10-24 12:00:34.409409,63.3k,1741,1630
2019-10-25 12:00:35.999891,63.4k,1740,1630
2019-10-26 12:00:33.334567,63.4k,1740,1631
2019-10-27 12:00:35.743412,63.5k,1740,1631
2019-10-28 12:00:33.493159,63.6k,1741,1631
2019-10-29 12:00:32.476371,63.6k,1742,1632
2019-10-30 12:00:35.692534,63.7k,1742,1633
2019-10-31 12:00:32.573220,63.7k,1742,1634
2019-11-01 12:00:29.802421,63.8k,1739,1634
2019-11-02 12:00:28.869448,63.9k,1739,1634
2019-11-03 12:00:29.196856,64k,1739,1634
2019-11-04 12:00:29.617358,64k,1739,1634
2019-11-05 12:00:30.806244,64.1k,1740,1635
2019-11-06 12:00:41.712853,64.1k,1740,1635
2019-11-07 12:00:31.055271,64.2k,1742,1636
2019-11-08 12:00:29.637488,64.3k,1742,1636
2019-11-09 12:00:30.282773,64.3k,1742,1637
2019-11-10 12:00:30.178781,64.4k,1742,1637
2019-11-11 12:00:31.066261,64.5k,1742,1637
2019-11-12 12:00:31.294411,64.6k,1742,1638
2019-11-13 12:00:34.671423,64.6k,1742,1638
2019-11-14 12:00:53.830646,64.7k,1741,1639
2019-11-15 12:00:31.895037,64.8k,1740,1639
2019-11-16 12:00:29.132127,64.8k,1740,1640
2019-11-17 12:00:29.365623,64.9k,1740,1640
2019-11-18 12:00:29.689362,64.9k,1739,1640
2019-11-19 12:00:31.740632,65k,1640,Official
2019-11-20 12:00:29.021617,65k,1641,Official
2019-11-21 12:00:35.873613,65k,1641,Official
2019-11-22 12:00:31.455666,65.1k,1642,Official
2019-11-23 12:00:27.174165,65.2k,1643,Official
2019-11-24 12:00:27.423884,65.2k,1643,Official
2019-11-25 12:00:27.442801,65.3k,1643,Official
2019-11-26 12:00:27.399086,65.3k,1644,Official
2019-11-27 12:00:27.634612,65.3k,1645,Official
2019-11-28 12:00:26.302940,65.4k,1645,Official
2019-11-29 12:00:27.513548,65.4k,1645,Official
2019-11-30 12:00:28.439900,65.4k,1645,Official
2019-12-01 12:00:27.174063,65.5k,1645,Official
2019-12-02 12:00:29.260531,65.5k,1645,Official
2019-12-03 12:00:27.178167,65.6k,1645,Official
2019-12-04 12:00:48.365676,65.5k,1646,Official
2019-12-05 12:00:37.185823,65.5k,1646,Official
2019-12-06 12:00:41.573503,65.6k,1647,Official
2019-12-07 12:00:28.874167,65.6k,1647,Official
2019-12-08 12:00:29.336727,65.6k,1647,Official
2019-12-09 12:00:29.853208,65.7k,1647,Official
2019-12-10 12:00:27.528202,65.7k,1648,Official
2019-12-11 12:00:30.282370,65.7k,1648,Official
2019-12-12 12:00:31.433309,65.8k,1648,Official
2019-12-13 12:00:31.402716,65.8k,1649,Official
2019-12-14 12:00:28.173390,66k,1650,Official
2019-12-15 12:00:30.639498,66.1k,1650,Official
2019-12-16 12:00:31.105013,66.1k,1650,Official
2019-12-17 12:00:33.021468,66.2k,1651,Official
2019-12-18 12:00:31.941191,66.2k,1652,Official
2019-12-19 12:00:33.115895,66.3k,1652,Official
2019-12-20 12:00:29.214881,66.4k,1654,Official
2019-12-21 12:00:28.700628,66.4k,1654,Official
2019-12-22 12:00:30.371895,66.5k,1654,Official
2019-12-23 12:00:29.317570,66.5k,1655,Official
2019-12-24 12:00:28.297165,66.5k,1655,Official
2019-12-25 12:00:30.016932,66.5k,1655,Official
2019-12-26 12:00:28.963974,66.6k,1655,Official
2019-12-27 12:02:30.078987,66.6k,1656,Official
2019-12-28 12:00:28.689090,66.6k,1656,Official
2019-12-29 12:00:29.768045,66.7k,1656,Official
2019-12-30 12:00:29.881527,66.7k,1656,Official
2019-12-31 12:00:31.038950,66.7k,1656,Official
2020-01-01 12:00:29.479325,66.7k,1657,Official
2020-01-02 12:00:30.230741,66.8k,1657,Official
2020-01-03 12:00:29.583560,66.8k,1658,Official
2020-01-04 12:00:30.466848,66.8k,1658,Official
2020-01-05 12:00:29.297279,66.9k,1658,Official
2020-01-06 12:00:51.531117,66.9k,1658,Official
2020-01-07 12:00:31.761259,66.9k,1659,Official
2020-01-08 12:00:30.999407,67k,1659,Official
2020-01-09 12:00:36.818295,67k,1660,Official
2020-01-10 12:00:40.649270,67.1k,1660,Official
2020-01-11 12:00:30.558231,67.1k,1661,Official
2020-01-12 12:00:31.939695,67.2k,1661,Official
2020-01-13 12:00:31.421161,67.2k,1661,Official
2020-01-14 12:00:31.949207,67.3k,1661,Official
2020-01-15 12:00:30.947999,67.3k,1662,Official
2020-01-16 12:00:49.334733,67.3k,1662,Official
2020-01-17 12:00:29.248023,67.4k,1662,Official
2020-01-18 12:00:30.905260,67.4k,1662,Official
2020-01-19 12:00:30.633595,67.4k,1662,Official
2020-01-20 12:00:31.910697,67.5k,1662,Official
2020-01-21 12:00:31.204671,67.5k,1663,Official
2020-01-22 12:00:30.059233,67.5k,1663,Official
2020-01-23 12:00:30.694063,67.6k,1663,Official
2020-01-24 12:00:30.687564,67.6k,1664,Official
2020-01-25 12:00:31.397482,68.1k,1664,Official
2020-01-27 12:00:33.095184,68.4k,1665,Official
2020-01-28 12:00:32.054918,68.5k,1665,Official
2020-01-29 12:00:29.390453,68.5k,1666,Official
2020-01-30 12:00:31.959451,68.6k,1667,Official
2020-01-31 12:00:31.790325,68.7k,1667,Official
2020-02-01 12:00:30.118688,68.7k,1668,Official
2020-02-02 12:00:30.218152,68.8k,1668,Official
2020-02-03 12:00:31.265141,68.8k,1668,Official
2020-02-04 12:00:31.960930,68.8k,1670,Official
2020-02-05 12:00:30.158805,68.8k,1671,Official
2020-02-06 12:00:37.156971,68.9k,1671,Official
2020-02-07 12:00:33.484801,68.9k,1673,Official
2020-02-08 12:00:31.668254,69k,1673,Official
2020-02-09 12:00:32.235639,69k,1673,Official
2020-02-10 12:00:32.905326,69.1k,1673,Official
2020-02-11 12:00:35.818230,69.2k,1673,Official
2020-02-12 12:00:34.287474,69.2k,1673,Official
2020-02-13 12:00:38.787722,69.3k,1674,Official
2020-02-14 12:00:37.411650,69.3k,1676,Official
2020-02-15 12:00:32.126529,69.3k,1676,Official
2020-02-16 12:00:32.485924,69.4k,1676,Official
2020-02-17 12:00:32.071616,69.4k,1676,Official
2020-02-18 12:00:32.317060,69.5k,1676,Official
2020-02-19 12:00:33.951650,69.5k,1676,Official
2020-02-20 12:00:33.755565,69.5k,1677,Official
2020-02-21 12:00:42.642443,69.6k,1678,Official
2020-02-22 12:00:31.455532,69.6k,1679,Official
2020-02-23 12:00:31.893748,69.7k,1679,Official
2020-02-24 12:00:34.535990,69.7k,1679,Official
2020-02-25 12:00:32.241283,69.8k,1680,Official
2020-02-26 12:00:34.256787,69.9k,1680,Official
2020-02-27 12:00:31.945160,69.9k,1681,Official
2020-02-28 12:00:35.510416,70k,1681,Official
2020-02-29 12:00:31.113214,70k,1682,Official
2020-03-01 12:00:31.416969,70.1k,1682,Official
2020-03-02 12:00:32.732295,70.2k,1682,Official
2020-03-03 12:00:31.947290,70.2k,1740,1682
2020-03-04 12:00:31.767155,70.3k,1740,1683
2020-03-05 12:00:31.375845,70.4k,1740,1683
2020-03-06 12:00:33.045797,70.4k,1740,1684
2020-03-07 12:00:33.762818,70.4k,1740,1685
2020-03-09 12:00:31.420273,70.5k,1740,1685
2020-03-10 12:00:32.489617,70.5k,1740,1685
2020-03-11 12:00:32.555055,70.6k,1741,1686
2020-03-12 12:00:32.258540,70.7k,1740,1686
2020-03-13 12:00:32.908670,70.7k,1741,1686
2020-03-14 12:00:31.479083,70.8k,1741,1687
2020-03-15 12:00:32.639401,70.8k,1742,1687
2020-03-16 12:00:38.259237,70.9k,1743,1687
2020-03-17 12:00:36.545927,71.1k,1743,1688
2020-03-18 12:00:34.198558,71.2k,1743,1688
2020-03-19 12:00:34.148007,71.3k,1744,1689
2020-03-20 12:00:35.974339,71.4k,1744,1689
2020-03-21 12:00:34.323164,71.4k,1744,1689
2020-03-22 12:00:45.685394,71.5k,1744,1689
2020-03-23 12:00:32.462579,71.5k,1745,1689
2020-03-24 12:00:35.164841,71.6k,1744,1690
2020-03-25 12:00:38.254638,71.7k,1744,1691
2020-03-26 12:00:38.082284,71.7k,1744,1691
2020-03-27 12:00:38.091331,71.8k,1745,1691
2020-03-28 12:00:34.488584,71.9k,1745,1692
2020-03-29 12:00:43.036332,71.9k,1745,1692
2020-03-30 12:00:38.081424,72k,1745,1692
2020-03-31 12:00:40.417198,University,Illinois,1693
2020-04-01 12:00:46.545980,University,Illinois,1693
2020-04-02 12:00:46.283661,University,Illinois,1693
2020-04-03 12:00:59.141368,University,Illinois,1694
2020-04-04 12:02:38.716101,University,Illinois,1695
2020-04-05 12:00:40.644636,University,Illinois,1695
2020-04-06 12:00:42.001056,University,Illinois,1695
2020-04-07 12:00:45.948850,University,Illinois,1695
2020-04-08 12:00:46.950516,University,Illinois,1696
2020-04-09 12:00:44.712151,University,Illinois,1697
2020-04-10 12:00:41.659533,University,Illinois,1697
2020-04-11 12:00:39.391109,University,Illinois,1698
2020-04-12 12:00:38.441098,University,Illinois,1698
2020-04-13 12:00:39.358605,University,Illinois,1698
2020-04-14 12:00:43.591614,University,Illinois,1698
2020-04-15 12:00:42.395654,University,Illinois,1698
2020-04-16 12:00:45.692924,University,Illinois,1699
2020-04-17 12:00:38.436201,University,Illinois,1700
2020-04-18 12:00:38.633391,University,Illinois,1701
2020-04-19 12:00:39.929093,University,Illinois,1701
2020-04-20 12:00:44.782617,University,Illinois,1701
2020-04-21 12:00:42.021886,University,Illinois,1702
2020-04-23 12:00:39.155833,University,Illinois,1703
2020-04-24 12:00:43.532725,University,Illinois,1704
2020-04-26 12:00:41.891268,University,Illinois,1705
2020-04-27 12:00:38.005969,University,Illinois,1705
2020-04-28 12:00:37.952692,University,Illinois,1705
2020-04-29 12:01:12.811782,University,Illinois,1707
2020-04-30 12:00:54.229021,University,Illinois,1707
2020-05-01 12:00:55.081866,University,Illinois,1707
2020-05-02 12:00:35.395784,University,Illinois,1708
2020-05-03 12:00:37.304297,University,Illinois,1708
2020-05-04 12:00:41.638896,University,Illinois,1708
2020-05-05 12:00:37.937899,University,Illinois,1708
2020-05-06 12:01:00.739545,University,Illinois,1708
2020-05-07 12:00:34.313066,University,Illinois,1709
2020-05-08 12:00:37.516321,University,Illinois,1710
2020-05-09 12:00:53.077405,University,Illinois,1710
2020-05-10 12:00:39.635513,University,Illinois,1710
2020-05-11 12:00:43.816280,University,Illinois,1711
2020-05-12 12:00:40.686223,University,Illinois,1711
2020-05-13 12:01:08.307735,University,Illinois,1711
2020-05-14 12:00:40.393310,University,Illinois,1712
2020-05-15 12:00:39.058205,75.3k,1744,1712
2020-05-16 12:00:38.612619,75.4k,1744,1714
2020-05-17 12:00:40.362010,75.5k,1744,1714
2020-05-18 12:00:40.173938,75.5k,1743,1714
2020-05-19 12:00:39.351754,75.6k,1743,1715
2020-05-20 12:00:38.832813,75.7k,1743,1715
2020-05-21 12:00:40.317323,75.7k,1743,1716
2020-05-23 12:00:38.126769,75.8k,1743,1717
2020-05-24 12:00:38.297253,75.8k,1743,1717
2020-05-25 12:00:48.364552,75.9k,1744,1717
2020-05-26 12:00:40.737750,76k,1744,1717
2020-05-27 12:00:41.690372,76k,1744,1717
2020-05-28 12:00:39.641848,76.1k,1746,1718
2020-05-29 12:00:42.871539,76.1k,1747,1718
2020-05-30 12:00:42.993994,76.2k,1749,1719
2020-05-31 12:00:44.279668,76.2k,1748,1720
2020-06-01 12:00:41.385818,76.2k,1747,1720
2020-06-02 12:00:47.979895,76.3k,1748,1721
2020-06-03 12:00:53.264360,76.3k,1746,1721
2020-06-05 12:00:43.856050,76.4k,1747,1722
2020-06-06 12:00:41.502669,76.5k,1746,1722
2020-06-07 12:00:43.885728,76.6k,1745,1722
2020-06-08 12:00:48.248049,76.6k,1743,1722
2020-06-09 12:00:47.887537,76.7k,1743,1722
2020-06-10 12:00:44.453252,76.7k,1742,1722
2020-06-11 12:00:42.551434,76.8k,1742,1722
2020-06-12 12:00:46.499958,76.8k,1740,1724
2020-06-13 12:00:41.042796,76.8k,1740,1724
2020-06-14 12:00:42.071097,76.9k,1741,1724
2020-06-15 12:00:42.431562,76.9k,1741,1724
2020-06-16 12:00:50.393343,77k,1742,1724
2020-06-17 12:00:51.197009,77k,1742,1725
2020-06-18 12:00:48.086786,77.2k,1742,1725
2020-06-19 12:00:45.781605,77.3k,1742,1727
2020-06-20 12:00:55.819496,77.3k,1741,1727
2020-06-21 12:01:18.328368,77.4k,1743,1727
2020-06-22 12:00:45.799149,77.4k,1743,1727
2020-06-23 12:00:50.629733,77.5k,1743,1727
2020-06-24 12:00:46.354611,77.5k,1744,1728
2020-06-25 12:00:47.277755,77.6k,1744,1729
2020-06-26 12:00:46.810531,77.6k,1745,1729
2020-06-27 12:00:52.596769,77.7k,1744,1730
2020-06-28 12:00:41.314675,77.7k,1743,1730
2020-06-29 12:00:42.569909,77.8k,1743,1730
2020-06-30 12:00:50.124969,77.8k,1744,1731
2020-07-01 12:01:00.199839,77.8k,1744,1731
2020-07-03 12:00:53.330565,77.9k,1744,1732
2020-07-04 12:00:43.723952,77.9k,1744,1733
2020-07-05 12:00:45.069941,78k,1743,1733
2020-07-06 12:00:47.338224,78k,1742,1733
2020-07-07 12:00:55.639534,78.1k,1741,1734
2020-07-08 12:00:40.086062,78.2k,1741,1734
2020-07-09 12:00:45.583424,78.3k,1741,1735
2020-07-10 12:00:43.521625,78.3k,1742,1736
2020-07-11 12:00:39.588273,78.4k,1742,1736
2020-07-12 12:00:40.867606,78.4k,1744,1736
2020-07-13 12:00:44.093266,78.4k,1744,1736
2020-07-14 12:00:45.579839,78.5k,1743,1737
2020-07-15 12:00:44.433395,78.5k,1741,1737
2020-07-16 12:01:10.833206,78.6k,1741,1738
2020-07-17 12:00:46.882455,78.6k,1742,1738
2020-07-18 12:00:42.438516,78.7k,1742,1739
2020-07-19 12:00:44.056933,78.7k,1741,1739
2020-07-20 12:00:43.316757,78.8k,1741,1739
2020-07-21 12:00:46.200820,78.8k,1741,1739
2020-07-22 12:00:44.819707,78.8k,1741,1739
2020-07-23 12:00:48.562819,78.9k,1742,1740
2020-07-24 12:00:43.349011,78.9k,1742,1740
2020-07-25 12:00:46.703347,78.9k,1742,1741
2020-07-26 12:00:44.314936,79k,1742,1741
2020-07-27 12:00:43.430024,79k,1741,1741
2020-07-28 12:00:49.713011,79k,1742,1742
2020-07-29 12:00:49.470546,79.1k,1741,1742
2020-07-30 12:00:54.339012,79.1k,1741,1743
2020-07-31 12:00:51.207697,79.1k,1741,1743
2020-08-01 12:00:49.447510,79.2k,1741,1744
2020-08-02 12:00:43.527643,79.2k,1741,1744
2020-08-03 12:00:52.675691,79.3k,1740,1745
2020-08-05 12:00:45.855415,79.4k,1739,1746
2020-08-06 12:00:53.601935,79.4k,1741,1746
2020-08-07 12:00:45.569205,79.4k,1741,1747
2020-08-08 12:00:44.594734,79.5k,1742,1748
2020-08-09 12:00:46.072295,79.5k,1742,1748
2020-08-10 12:01:13.977784,79.6k,1742,1748
2020-08-11 12:00:51.803883,79.6k,1741,1748
2020-08-12 12:00:58.754429,79.7k,1742,1748
2020-08-13 12:00:50.654721,79.7k,1742,1750
2020-08-14 12:00:50.757525,79.8k,1744,1750
2020-08-15 12:00:48.171057,79.8k,1744,1751
2020-08-16 12:00:53.323840,79.9k,1743,1751
2020-08-17 12:00:57.429557,80k,1743,1752
2020-08-18 12:01:09.004022,80k,1743,1752
2020-08-19 12:00:53.691194,80.1k,1743,1752
2020-08-20 12:01:07.878771,80.2k,1742,1753
2020-08-21 12:00:49.349505,80.3k,1742,1754
2020-08-22 12:00:51.504466,80.4k,1742,1755
2020-08-23 12:00:51.491116,80.5k,1742,1756
2020-08-24 12:00:52.852134,80.6k,1741,1756
2020-08-25 12:00:56.308788,80.7k,1741,1757
2020-08-26 12:01:12.386251,80.8k,1741,1758
2020-08-27 12:01:00.939536,80.9k,1763,1758
2020-08-28 12:01:16.166054,81k,1761,1758
2020-08-29 12:01:00.349219,81k,1763,1759
2020-08-30 12:00:53.287501,81.1k,1763,1759
2020-08-31 12:00:55.012365,81.2k,1764,1759
2020-09-02 12:00:52.886120,81.3k,1764,1760
2020-09-03 12:00:53.028219,81.4k,1763,1761
2020-09-04 12:00:58.064002,81.5k,1764,1761
2020-09-05 12:00:51.934115,81.5k,1764,1762
2020-09-06 12:00:51.919951,81.6k,1764,1762
2020-09-07 12:00:59.788157,81.7k,1764,1762
2020-09-08 12:00:53.935772,81.7k,1762,1762
2020-09-09 12:00:57.426115,81.8k,1761,1763
2020-09-10 12:00:55.638039,81.8k,1762,1764
2020-09-11 12:00:59.816823,81.9k,1762,1766
2020-09-12 12:00:59.218910,81.9k,1761,1766
2020-09-13 12:00:52.536369,82k,1761,1766
2020-09-14 12:00:58.162549,82k,1762,1766
2020-09-15 12:05:19.310119,82.1k,1762,1766
2020-09-16 12:00:53.943064,82.1k,1763,1767
2020-09-17 12:01:31.241882,82.2k,1762,1768
2020-09-18 12:01:03.156848,82.2k,1763,1768
2020-09-19 12:00:58.946497,82.3k,1763,1769
2020-09-20 12:00:55.701850,82.3k,1763,1769
2020-09-22 12:00:54.627808,82.4k,1763,1769
2020-09-23 12:00:55.461151,82.5k,1763,1770
2020-09-24 12:01:00.525371,82.5k,1761,1771
2020-09-25 12:01:11.152462,82.5k,1760,1771
2020-09-26 12:00:59.998198,82.6k,1760,1772
2020-09-27 12:00:56.342019,82.6k,1760,1772
2020-09-28 12:00:57.596262,82.7k,1760,1772
2020-09-29 12:01:11.970781,82.7k,1760,1773
2020-09-30 12:01:29.115638,82.8k,1761,1773
2020-10-01 12:00:56.367786,82.9k,1761,1774
2020-10-02 12:01:00.908229,82.9k,1760,1774
2020-10-03 12:00:51.014333,82.9k,1760,1775
2020-10-04 12:00:57.243164,82.9k,1761,1775
2020-10-05 12:00:54.135191,83k,1761,1775
2020-10-06 12:01:00.539349,83k,1761,1776
2020-10-07 12:01:06.979988,83k,1761,1777
2020-10-08 12:01:07.648946,83.1k,1759,1778
