2019-09-08 15:43:08.595650,7451,162,1776
2019-09-09 12:00:50.757696,7457,162,1776
2019-09-10 12:00:39.760948,7456,162,1777
2019-09-11 12:00:40.169539,7483,162,1781
2019-09-12 12:00:42.445963,7491,162,1782
2019-09-13 12:00:43.187754,7503,162,1782
2019-09-14 12:00:45.247826,7510,162,1782
2019-09-15 12:00:46.283235,7520,162,1782
2019-09-16 12:00:44.812636,7531,162,1783
2019-09-17 12:00:46.096285,7536,162,1784
2019-09-18 12:00:42.110689,7546,162,1784
2019-09-19 12:00:46.348951,7553,162,1785
2019-09-20 12:00:45.494781,7562,162,1785
2019-09-21 12:00:44.575565,7571,162,1787
2019-09-22 12:00:46.093482,7581,162,1788
2019-09-23 12:00:43.969772,7586,162,1788
2019-09-24 12:00:46.212950,7589,162,1788
2019-09-25 12:00:42.689614,7598,162,1788
2019-09-26 12:00:41.487674,7603,162,1788
2019-09-27 12:00:44.608602,7614,162,1788
2019-09-28 12:00:41.596544,7619,162,1788
2019-09-29 12:00:44.488901,7624,162,1788
2019-09-30 12:00:42.920245,7630,162,1788
2019-10-01 12:00:43.017957,7633,162,1788
2019-10-02 12:00:43.363354,7635,162,1789
2019-10-03 12:00:43.696615,7645,162,1789
2019-10-04 12:00:47.479586,7655,163,1790
2019-10-05 12:00:44.818252,7654,165,1790
2019-10-06 12:00:45.998394,7661,165,1790
2019-10-07 12:00:44.369250,7666,165,1790
2019-10-08 12:00:43.473480,7682,166,1791
2019-10-09 12:00:48.813177,7702,168,1792
2019-10-10 12:00:43.822655,7714,168,1792
2019-10-11 12:00:44.345544,7713,168,1792
2019-10-12 12:00:45.782202,7723,168,1792
2019-10-13 12:00:50.645565,7731,168,1787
2019-10-14 12:00:46.094408,7740,168,1787
2019-10-15 12:00:46.492331,7747,167,1787
2019-10-16 12:01:05.517649,7750,168,1788
2019-10-17 12:00:43.498039,7757,168,1788
2019-10-18 12:00:45.401246,7761,168,1788
2019-10-19 12:00:44.817457,7770,168,1788
2019-10-20 12:00:45.958142,7777,168,1788
2019-10-21 12:00:46.247692,7779,168,1788
2019-10-22 12:00:45.725468,7781,168,1788
2019-10-23 12:00:42.449729,7790,168,1788
2019-10-24 12:00:44.934909,7796,168,1788
2019-10-25 12:00:46.652178,7800,168,1788
2019-10-26 12:00:43.997085,7798,168,1789
2019-10-27 12:00:46.874749,7801,168,1789
2019-10-28 12:00:44.056985,7800,168,1789
2019-10-29 12:00:42.692613,7802,168,1789
2019-10-30 12:00:46.627715,7802,169,1790
2019-10-31 12:00:42.920382,7805,169,1790
2019-11-01 12:00:39.098200,7807,169,1790
2019-11-02 12:00:38.238673,7814,169,1791
2019-11-03 12:00:37.993093,7819,169,1791
2019-11-04 12:00:39.323409,7826,169,1792
2019-11-05 12:00:39.837780,7830,170,1792
2019-11-06 12:00:52.235633,7833,170,1792
2019-11-07 12:00:40.816846,7843,170,1793
2019-11-08 12:00:39.598773,7851,170,1793
2019-11-09 12:00:40.607677,7856,170,1793
2019-11-10 12:00:39.278771,7866,170,1793
2019-11-11 12:00:41.083989,7872,170,1794
2019-11-12 12:00:41.858158,7871,170,1795
2019-11-13 12:00:44.253176,7881,170,1795
2019-11-14 12:01:07.096289,7879,171,1795
2019-11-15 12:00:42.657811,7881,171,1795
2019-11-16 12:00:38.146318,7877,171,1796
2019-11-17 12:00:38.712613,7880,171,1796
2019-11-18 12:00:38.623500,7879,171,1796
2019-11-19 12:00:41.699055,7890,171,1796
2019-11-20 12:00:46.243976,7892,171,1797
2019-11-21 12:00:47.565281,7888,171,1797
2019-11-22 12:00:42.148009,7890,171,1798
2019-11-23 12:00:35.569005,7897,171,1798
2019-11-24 12:00:36.134909,7895,171,1798
2019-11-25 12:00:36.406564,7897,171,1798
2019-11-26 12:00:36.155524,7902,171,1798
2019-11-27 12:00:36.244840,7904,171,1799
2019-11-28 12:00:35.006624,7909,171,1799
2019-11-29 12:00:36.002019,7908,172,1799
2019-11-30 12:00:36.937491,7910,173,1799
2019-12-01 12:00:35.934942,7916,173,1799
2019-12-02 12:00:37.981806,7918,173,1800
2019-12-03 12:00:35.352226,7920,173,1800
2019-12-04 12:01:02.140973,7923,172,1800
2019-12-05 12:00:50.521570,7925,172,1801
2019-12-06 12:00:56.854505,7930,174,1801
2019-12-07 12:00:37.763289,7931,174,1801
2019-12-08 12:00:38.121481,7930,174,1801
2019-12-09 12:00:39.026650,7930,174,1801
2019-12-10 12:00:35.732282,7940,174,1802
2019-12-11 12:00:39.915329,7947,174,1802
2019-12-12 12:00:41.234634,7951,176,1803
2019-12-13 12:00:41.210157,7958,187,1803
2019-12-14 12:00:37.067927,7979,187,1803
2019-12-15 12:00:40.069283,7981,187,1803
2019-12-16 12:00:40.378750,7987,187,1803
2019-12-17 12:00:43.990115,7996,186,1803
2019-12-18 12:00:42.121133,8002,187,1803
2019-12-19 12:00:42.363530,8013,187,1804
2019-12-20 12:00:38.037313,8022,187,1804
2019-12-21 12:00:37.463925,8024,187,1804
2019-12-22 12:00:39.672997,8021,187,1804
2019-12-23 12:00:38.453734,8023,187,1805
2019-12-24 12:00:37.247426,8031,187,1805
2019-12-25 12:00:39.536508,8032,187,1805
2019-12-26 12:00:38.041045,8038,187,1805
2019-12-27 12:02:39.221768,8044,187,1805
2019-12-28 12:00:38.345055,8045,187,1805
2019-12-29 12:00:39.364676,8046,187,1805
2019-12-30 12:00:39.518460,8048,187,1805
2019-12-31 12:00:40.468123,8053,187,1806
2020-01-01 12:00:39.010537,8053,187,1806
2020-01-02 12:00:40.170642,8052,187,1806
2020-01-03 12:00:39.267443,8058,1806,A
2020-01-04 12:00:40.088018,8075,1806,A
2020-01-05 12:00:38.631768,8080,1806,A
2020-01-06 12:01:12.812712,8081,1807,A
2020-01-07 12:00:43.832987,8085,1807,A
2020-01-08 12:00:40.697731,8091,1808,A
2020-01-09 12:00:48.659539,8097,1808,A
2020-01-10 12:00:53.852994,8104,1808,A
2020-01-11 12:00:40.600699,8111,1808,A
2020-01-12 12:00:42.000808,8113,1808,A
2020-01-13 12:00:41.661048,8117,1808,A
2020-01-14 12:00:42.077794,8124,1809,A
2020-01-15 12:00:40.962443,8128,1809,A
2020-01-16 12:01:05.362432,8137,1809,A
2020-01-17 12:00:40.373589,8134,1811,A
2020-01-18 12:00:40.130911,8133,1811,A
2020-01-19 12:00:40.426344,8137,1811,A
2020-01-20 12:00:41.593384,8139,1811,A
2020-01-21 12:00:40.717806,8147,1812,A
2020-01-22 12:00:39.614815,8151,1812,A
2020-01-23 12:00:40.071932,8157,1813,A
2020-01-24 12:00:39.970402,8155,1813,A
2020-01-25 12:00:40.790614,8158,1814,A
2020-01-27 12:00:43.748209,8167,1814,A
2020-01-28 12:00:43.615476,8173,1815,A
2020-01-29 12:00:38.977318,8172,1815,A
2020-01-30 12:00:41.560425,8171,1815,A
2020-01-31 12:00:41.297029,8172,1815,A
2020-02-01 12:00:39.378754,8172,1816,A
2020-02-02 12:00:39.534427,8180,1816,A
2020-02-03 12:00:40.659384,8181,1817,A
2020-02-04 12:00:43.851437,8177,1817,A
2020-02-05 12:00:40.466499,8179,1816,A
2020-02-06 12:00:49.247015,8183,1817,A
2020-02-07 12:00:43.809295,8195,1817,A
2020-02-08 12:00:41.733086,8198,1818,A
2020-02-09 12:00:41.999645,8202,1818,A
2020-02-10 12:00:42.716703,8211,1819,A
2020-02-11 12:00:47.180699,8200,1819,A
2020-02-12 12:00:46.271350,8202,1819,A
2020-02-13 12:00:50.399995,8206,1819,A
2020-02-14 12:00:47.635924,8205,1820,A
2020-02-15 12:00:41.691439,8208,1821,A
2020-02-16 12:00:42.327144,8217,1821,A
2020-02-17 12:00:41.851399,8221,1821,A
2020-02-18 12:00:42.559017,8220,1822,A
2020-02-19 12:00:45.269747,8223,1822,A
2020-02-20 12:00:44.448394,8226,1822,A
2020-02-21 12:00:54.415468,8231,1823,A
2020-02-22 12:00:41.500317,8234,1824,A
2020-02-23 12:00:43.022477,8235,1824,A
2020-02-24 12:00:46.016806,8239,1825,A
2020-02-25 12:00:41.729587,8250,1825,A
2020-02-26 12:00:45.013082,8250,1825,A
2020-02-27 12:00:42.140388,8258,1825,A
2020-02-28 12:00:46.408796,8261,1825,A
2020-02-29 12:00:40.618644,8259,1826,A
2020-03-01 12:00:41.283816,8273,1827,A
2020-03-02 12:00:43.006183,8281,1827,A
2020-03-03 12:00:41.798206,8287,196,1827
2020-03-04 12:00:41.914496,8292,196,1827
2020-03-05 12:00:41.727919,8296,196,1827
2020-03-06 12:00:42.784671,8302,196,1827
2020-03-07 12:00:45.011888,8307,196,1828
2020-03-09 12:00:41.325662,8317,196,1828
2020-03-10 12:00:42.397518,8319,196,1828
2020-03-11 12:00:43.025693,8323,196,1829
2020-03-12 12:00:42.224987,8332,196,1829
2020-03-13 12:00:43.808600,8338,196,1829
2020-03-14 12:00:41.481336,8347,197,1829
2020-03-15 12:00:44.004169,8354,197,1830
2020-03-16 12:00:49.733848,8354,197,1830
2020-03-17 12:00:48.041638,8362,197,1830
2020-03-18 12:00:44.828952,8366,197,1830
2020-03-19 12:00:44.814004,8370,198,1831
2020-03-20 12:00:46.488883,8371,198,1832
2020-03-21 12:00:44.739503,8370,198,1832
2020-03-22 12:01:01.120383,8378,199,1832
2020-03-23 12:00:43.073893,8392,199,1832
2020-03-24 12:00:46.646481,8435,199,1832
2020-03-25 12:00:49.115538,8453,199,1832
2020-03-26 12:00:49.675780,8464,199,1833
2020-03-27 12:00:50.237699,8468,199,1834
2020-03-28 12:00:46.191150,8474,199,1834
2020-03-29 12:00:56.562127,8480,199,1834
2020-03-30 12:00:49.825903,8487,199,1834
2020-03-31 12:00:54.314627,8500,199,1834
2020-04-01 12:00:59.794213,8505,199,1834
2020-04-02 12:00:59.446786,8508,199,1834
2020-04-03 12:01:24.464060,8511,199,1834
2020-04-04 12:02:57.464406,8522,199,1834
2020-04-05 12:00:54.940137,8522,199,1834
2020-04-06 12:00:55.281395,8531,199,1835
2020-04-07 12:01:01.500357,8525,199,1836
2020-04-08 12:01:01.268728,8529,199,1836
2020-04-09 12:00:59.480074,8533,199,1836
2020-04-10 12:00:54.522875,8540,199,1836
2020-04-11 12:00:51.046489,8543,199,1837
2020-04-12 12:00:51.243124,8555,199,1837
2020-04-13 12:00:52.366376,8559,199,1837
2020-04-14 12:00:55.993774,8571,199,1837
2020-04-15 12:00:54.877370,8579,199,1837
2020-04-16 12:00:58.543122,8590,199,1838
2020-04-17 12:00:52.468096,8594,199,1838
2020-04-18 12:00:50.762279,8608,199,1838
2020-04-19 12:00:52.178158,8616,199,1838
2020-04-20 12:00:59.436305,8625,199,1839
2020-04-21 12:00:55.237167,8628,199,1839
2020-04-23 12:00:50.846324,8645,199,1840
2020-04-24 12:00:54.632291,8643,199,1840
2020-04-26 12:01:02.239442,8649,199,1840
2020-04-27 12:00:49.485804,8654,199,1840
2020-04-28 12:00:49.434095,8656,199,1840
2020-04-29 12:01:32.217297,8650,201,1840
2020-04-30 12:01:10.027382,8640,201,1840
2020-05-01 12:01:08.045247,8646,201,1840
2020-05-02 12:00:46.009612,8644,201,1840
2020-05-03 12:00:48.343194,8646,201,1840
2020-05-04 12:00:53.159072,8658,201,1840
2020-05-05 12:00:49.176170,8657,201,1841
2020-05-06 12:01:20.727045,8655,201,1841
2020-05-07 12:00:45.165808,8660,202,1842
2020-05-08 12:00:49.025487,8665,202,1842
2020-05-09 12:01:08.144612,8677,202,1842
2020-05-10 12:00:50.318012,8686,202,1842
2020-05-11 12:00:56.418544,8691,202,1842
2020-05-12 12:00:52.941396,8699,202,1842
2020-05-13 12:01:25.805767,8701,203,1842
2020-05-14 12:00:52.783892,8709,203,1842
2020-05-15 12:00:50.553432,8704,203,1843
2020-05-16 12:00:50.553116,8701,204,1844
2020-05-17 12:00:52.104865,8705,204,1844
2020-05-18 12:00:51.781748,8709,204,1844
2020-05-19 12:00:50.966753,8712,205,1844
2020-05-20 12:00:54.712125,8720,205,1844
2020-05-21 12:00:52.417182,8725,205,1844
2020-05-23 12:00:52.460882,8736,205,1844
2020-05-24 12:00:49.243242,8745,205,1844
2020-05-25 12:01:00.019112,8755,205,1844
2020-05-26 12:00:52.666717,8748,204,1845
2020-05-27 12:00:52.991855,8754,204,1845
2020-05-28 12:00:52.296252,8754,204,1846
2020-05-29 12:00:56.034347,8763,204,1846
2020-05-30 12:00:59.114681,8770,204,1846
2020-05-31 12:00:58.421232,8772,204,1846
2020-06-01 12:00:54.636957,8775,204,1846
2020-06-02 12:01:02.773764,8782,204,1846
2020-06-03 12:01:10.327079,8795,204,1846
2020-06-05 12:00:56.928288,8810,204,1846
2020-06-06 12:00:54.878143,8815,204,1846
2020-06-07 12:00:58.400991,8817,204,1846
2020-06-08 12:01:05.538572,8822,204,1846
2020-06-09 12:01:04.058691,8825,204,1846
2020-06-10 12:00:58.297744,8831,204,1846
2020-06-11 12:00:55.774268,8836,204,1847
2020-06-12 12:01:02.071642,8839,204,1847
2020-06-13 12:00:53.258325,8847,204,1848
2020-06-14 12:00:55.931415,8850,204,1848
2020-06-15 12:00:55.696899,8855,204,1848
2020-06-16 12:01:09.561912,8862,204,1848
2020-06-17 12:01:06.138791,8862,204,1848
2020-06-18 12:01:03.210151,8860,204,1848
2020-06-19 12:00:59.801784,8861,204,1848
2020-06-20 12:01:11.464660,8862,204,1849
2020-06-21 12:01:41.341280,8861,204,1849
2020-06-22 12:01:00.266352,8868,204,1849
2020-06-23 12:01:06.501423,8876,203,1849
2020-06-24 12:01:01.009650,8884,203,1849
2020-06-25 12:01:03.449821,8888,203,1849
2020-06-26 12:01:02.676710,8896,203,1849
2020-06-27 12:01:10.986101,8901,203,1849
2020-06-28 12:00:54.207844,8906,203,1849
2020-06-29 12:00:57.679646,8911,203,1849
2020-06-30 12:01:03.327451,8913,203,1850
2020-07-01 12:01:16.148532,8919,203,1850
2020-07-03 12:01:11.136583,8931,203,1850
2020-07-04 12:00:59.007835,8933,203,1850
2020-07-05 12:00:59.911846,8938,203,1850
2020-07-06 12:01:01.691831,8940,203,1850
2020-07-07 12:01:09.577973,8944,203,1850
2020-07-08 12:00:52.723813,8948,203,1851
2020-07-09 12:00:59.634686,8956,204,1851
2020-07-10 12:00:55.763313,8961,204,1851
2020-07-11 12:00:51.382439,8968,204,1852
2020-07-12 12:00:52.888793,8974,204,1852
2020-07-13 12:00:57.984896,8979,204,1852
2020-07-14 12:00:59.233234,8986,206,1852
2020-07-15 12:00:58.379904,8990,206,1853
2020-07-16 12:01:33.593058,8996,206,1853
2020-07-17 12:01:01.688220,8998,206,1853
2020-07-18 12:00:56.479976,9003,206,1853
2020-07-19 12:00:57.092542,9015,206,1853
2020-07-20 12:00:56.728561,9014,206,1853
2020-07-21 12:01:00.937118,9009,207,1855
2020-07-22 12:00:59.365775,9018,207,1856
2020-07-23 12:01:03.306130,9018,207,1857
2020-07-24 12:00:56.968478,9018,207,1858
2020-07-25 12:01:01.365214,9021,207,1858
2020-07-26 12:00:57.861430,9034,207,1858
2020-07-27 12:00:56.136172,9041,207,1859
2020-07-28 12:01:03.957276,9043,207,1860
2020-07-29 12:01:05.297707,9044,207,1861
2020-07-30 12:01:08.081689,9044,207,1861
2020-07-31 12:01:11.516665,9048,207,1863
2020-08-02 12:00:57.971928,9049,207,1863
2020-08-05 12:01:00.394095,9066,207,1863
2020-08-06 12:01:08.238929,9073,207,1863
2020-08-07 12:00:59.573913,9077,207,1863
2020-08-08 12:00:58.227154,9085,207,1863
2020-08-09 12:00:59.423785,9092,207,1863
2020-08-10 12:01:28.637646,9097,207,1863
2020-08-11 12:01:10.456932,9098,207,1864
2020-08-12 12:01:19.762191,9110,207,1864
2020-08-13 12:01:08.905715,9116,207,1864
2020-08-14 12:01:06.429627,9117,207,1864
2020-08-15 12:01:04.504170,9125,207,1864
2020-08-16 12:01:14.254793,9126,207,1864
2020-08-17 12:01:19.668726,9128,207,1864
2020-08-18 12:01:29.756151,9132,207,1864
2020-08-19 12:01:11.347699,9136,207,1864
2020-08-20 12:01:25.060397,9141,207,1864
2020-08-21 12:01:05.997666,9145,207,1864
2020-08-22 12:01:07.747828,9154,207,1864
2020-08-23 12:01:10.658664,9158,207,1864
2020-08-24 12:01:10.811416,9158,207,1865
2020-08-25 12:01:14.678083,9158,207,1865
2020-08-26 12:01:31.925065,9165,207,1865
2020-08-27 12:01:22.667378,9170,207,1865
2020-08-28 12:01:41.133811,9175,207,1865
2020-08-29 12:01:16.976464,9181,207,1865
2020-08-30 12:01:11.255054,9186,207,1865
2020-08-31 12:01:13.444373,9192,207,1865
2020-09-02 12:01:11.819418,9206,207,1866
2020-09-03 12:01:16.842477,9211,207,1866
2020-09-04 12:01:23.814762,9219,207,1866
2020-09-05 12:01:10.218003,9222,207,1867
2020-09-06 12:01:10.512868,9221,207,1867
2020-09-07 12:01:21.234985,9225,207,1867
2020-09-08 12:01:12.991472,9234,207,1867
2020-09-09 12:01:17.714821,9243,208,1868
2020-09-10 12:01:15.459518,9247,208,1868
2020-09-11 12:01:20.226405,9257,208,1868
2020-09-12 12:01:18.327419,9270,208,1868
2020-09-13 12:01:11.848841,9274,208,1868
2020-09-14 12:01:17.984656,9280,208,1868
2020-09-15 12:06:28.615973,9277,208,1869
2020-09-16 12:01:13.144268,9289,208,1869
2020-09-17 12:01:57.456913,9300,208,1869
2020-09-18 12:01:24.477411,9303,208,1869
2020-09-19 12:01:17.839731,9311,208,1870
2020-09-20 12:01:13.867519,9316,208,1870
2020-09-22 12:01:12.980768,9324,208,1872
2020-09-23 12:01:13.601826,9331,207,1873
2020-09-24 12:01:26.366007,9338,207,1873
2020-09-25 12:01:35.308189,9351,207,1874
2020-09-26 12:01:20.700483,9355,207,1875
2020-09-27 12:01:16.389427,9360,207,1875
2020-09-28 12:01:18.799876,9365,207,1875
2020-09-29 12:01:40.443959,9369,207,1875
2020-09-30 12:01:48.090559,9375,208,1877
2020-10-01 12:01:18.165968,9383,208,1878
2020-10-02 12:01:22.436386,9380,208,1878
