2019-09-08 15:43:10.043649,5327,68,697
2019-09-09 12:00:52.728445,5327,68,697
2019-09-10 12:00:41.576732,5328,68,698
2019-09-11 12:00:41.689516,5332,68,698
2019-09-12 12:00:43.990508,5341,68,698
2019-09-13 12:00:44.746485,5349,68,698
2019-09-14 12:00:46.831472,5357,68,698
2019-09-15 12:00:48.046098,5360,68,698
2019-09-16 12:00:46.581386,5367,68,698
2019-09-17 12:00:47.812318,5376,68,698
2019-09-18 12:00:43.848437,5379,68,698
2019-09-19 12:00:47.980007,5385,68,698
2019-09-20 12:00:47.114281,5386,68,699
2019-09-21 12:00:46.312078,5391,68,699
2019-09-22 12:00:47.827933,5393,68,699
2019-09-23 12:00:45.625563,5397,68,700
2019-09-24 12:00:47.832786,5398,68,700
2019-09-25 12:00:44.445709,5405,68,700
2019-09-26 12:00:43.083549,5407,68,700
2019-09-27 12:00:46.499977,5412,68,700
2019-09-28 12:00:43.094862,5419,68,700
2019-09-29 12:00:46.115231,5421,68,700
2019-09-30 12:00:44.456706,5427,68,700
2019-10-01 12:00:44.589446,5428,68,701
2019-10-02 12:00:44.839308,5438,68,701
2019-10-03 12:00:45.252114,5437,68,701
2019-10-04 12:00:49.176577,5436,68,701
2019-10-05 12:00:46.591631,5438,68,701
2019-10-06 12:00:47.757553,5439,68,701
2019-10-07 12:00:46.164389,5442,68,701
2019-10-08 12:00:45.249390,5443,69,702
2019-10-09 12:00:50.918124,5448,69,702
2019-10-10 12:00:45.758256,5447,69,703
2019-10-11 12:00:46.130989,5443,69,703
2019-10-12 12:00:47.641395,5448,69,703
2019-10-13 12:00:52.513127,5454,69,704
2019-10-14 12:00:47.889908,5452,69,703
2019-10-15 12:00:48.277597,5457,69,703
2019-10-16 12:01:07.404737,5465,69,703
2019-10-17 12:00:45.151594,5464,69,705
2019-10-18 12:00:46.972999,5468,69,705
2019-10-19 12:00:46.539288,5469,69,705
2019-10-20 12:00:47.616663,5470,69,705
2019-10-21 12:00:47.973370,5472,70,705
2019-10-22 12:00:47.463543,5474,70,706
2019-10-23 12:00:44.096278,5474,70,707
2019-10-24 12:00:46.632816,5475,71,707
2019-10-25 12:00:48.269569,5478,71,707
2019-10-26 12:00:45.715025,5475,71,708
2019-10-27 12:00:48.401334,5480,71,708
2019-10-28 12:00:45.939070,5481,71,708
2019-10-29 12:00:44.120611,5483,71,709
2019-10-30 12:00:48.186145,5487,72,711
2019-10-31 12:00:44.522666,5495,73,712
2019-11-01 12:00:40.540136,5499,74,712
2019-11-02 12:00:39.422389,5500,74,712
2019-11-03 12:00:39.334833,5503,74,712
2019-11-04 12:00:40.645646,5506,74,712
2019-11-05 12:00:41.279522,5510,74,712
2019-11-06 12:00:54.008930,5515,74,713
2019-11-07 12:00:42.242205,5519,74,714
2019-11-08 12:00:41.087905,5522,74,714
2019-11-09 12:00:41.882658,5527,74,714
2019-11-10 12:00:40.694665,5531,74,714
2019-11-11 12:00:42.473763,5536,74,714
2019-11-12 12:00:43.495554,5538,74,716
2019-11-13 12:00:45.585523,5541,74,717
2019-11-14 12:01:09.256287,5540,74,717
2019-11-15 12:00:43.984657,5542,74,718
2019-11-16 12:00:39.913406,5546,74,718
2019-11-17 12:00:40.231359,5548,74,718
2019-11-18 12:00:40.084343,5553,74,718
2019-11-19 12:00:43.301943,5561,74,718
2019-11-20 12:00:47.763989,5567,74,719
2019-11-21 12:00:49.632420,5566,74,719
2019-11-22 12:00:43.438124,5568,74,720
2019-11-23 12:00:36.990015,5572,74,720
2019-11-24 12:00:37.562797,5575,74,720
2019-11-25 12:00:37.947435,5572,74,720
2019-11-26 12:00:37.602731,5573,74,720
2019-11-27 12:00:37.711147,5573,74,720
2019-11-28 12:00:36.449610,5573,74,721
2019-11-29 12:00:37.339000,5579,74,721
2019-11-30 12:00:38.397154,5579,74,721
2019-12-01 12:00:37.354912,5578,74,721
2019-12-02 12:00:39.431698,5580,74,722
2019-12-03 12:00:36.752206,5588,74,723
2019-12-04 12:01:05.323840,5597,74,723
2019-12-05 12:00:52.578474,5596,74,723
2019-12-06 12:00:59.054139,5604,74,724
2019-12-07 12:00:38.946579,5624,74,725
2019-12-08 12:00:40.309937,5632,74,725
2019-12-09 12:00:40.400334,5641,74,725
2019-12-10 12:00:37.209321,5655,74,727
2019-12-11 12:00:41.285858,5655,74,727
2019-12-12 12:00:42.570742,5660,74,727
2019-12-13 12:00:42.683397,5665,74,728
2019-12-14 12:00:38.545464,5672,74,728
2019-12-15 12:00:41.343024,5675,74,728
2019-12-16 12:00:41.802063,5678,74,728
2019-12-17 12:00:45.624836,5686,74,728
2019-12-18 12:00:43.472497,5686,74,729
2019-12-19 12:00:43.774998,5694,74,729
2019-12-20 12:00:39.792294,5691,74,730
2019-12-21 12:00:38.956320,5700,74,730
2019-12-22 12:00:41.131678,5704,74,730
2019-12-23 12:00:39.854371,5706,74,730
2019-12-24 12:00:38.672802,5706,74,730
2019-12-25 12:00:41.327927,5713,74,730
2019-12-26 12:00:39.464885,5712,74,730
2019-12-27 12:02:40.955768,5715,74,730
2019-12-28 12:00:39.788718,5719,74,730
2019-12-29 12:00:40.716469,5723,74,730
2019-12-30 12:00:41.062612,5726,74,730
2019-12-31 12:00:42.035481,5727,74,730
2020-01-01 12:00:40.337330,5729,74,731
2020-01-02 12:00:41.617135,5732,75,731
2020-01-03 12:00:40.966678,5738,731,The
2020-01-04 12:00:41.475096,5738,732,The
2020-01-05 12:00:40.021226,5741,732,The
2020-01-06 12:01:14.780637,5745,732,The
2020-01-07 12:00:45.432365,5746,732,The
2020-01-08 12:00:42.095204,5746,732,The
2020-01-09 12:00:50.373236,5751,733,The
2020-01-10 12:00:55.854681,5751,733,The
2020-01-11 12:00:42.000443,5756,733,The
2020-01-12 12:00:43.454570,5757,733,The
2020-01-13 12:00:43.133930,5758,734,The
2020-01-14 12:00:43.600059,5764,734,The
2020-01-15 12:00:42.485018,5764,735,The
2020-01-16 12:01:07.736390,5765,735,The
2020-01-17 12:00:41.717865,5769,735,The
2020-01-18 12:00:41.470501,5774,735,The
2020-01-19 12:00:41.877344,5774,735,The
2020-01-20 12:00:42.974639,5778,735,The
2020-01-21 12:00:42.097987,5783,735,The
2020-01-22 12:00:41.036480,5788,735,The
2020-01-23 12:00:41.619553,5794,736,The
2020-01-24 12:00:41.255014,5800,737,The
2020-01-25 12:00:42.217746,5804,737,The
2020-01-27 12:00:45.168643,5815,737,The
2020-01-28 12:00:44.947106,5820,738,The
2020-01-29 12:00:40.392852,5816,738,The
2020-01-30 12:00:43.054660,5826,738,The
2020-01-31 12:00:42.749720,5827,738,The
2020-02-01 12:00:40.678965,5832,738,The
2020-02-02 12:00:40.868213,5831,738,The
2020-02-03 12:00:42.168154,5834,738,The
2020-02-04 12:00:47.307105,5835,738,The
2020-02-05 12:00:41.857155,5840,738,The
2020-02-06 12:00:50.869754,5843,739,The
2020-02-07 12:00:45.173825,5847,739,The
2020-02-08 12:00:43.148162,5861,739,The
2020-02-09 12:00:43.388530,5862,739,The
2020-02-10 12:00:44.123961,5861,739,The
2020-02-11 12:00:48.730692,5864,739,The
2020-02-12 12:00:47.888757,5868,739,The
2020-02-13 12:00:52.324714,5873,739,The
2020-02-14 12:00:49.037366,5875,740,The
2020-02-15 12:00:43.080707,5878,741,The
2020-02-16 12:00:43.970303,5877,741,The
2020-02-17 12:00:43.257045,5874,741,The
2020-02-18 12:00:43.989095,5883,741,The
2020-02-19 12:00:46.709885,5892,741,The
2020-02-20 12:00:45.916678,5895,741,The
2020-02-21 12:00:56.182606,5905,741,The
2020-02-22 12:00:42.938431,5915,741,The
2020-02-23 12:00:44.501799,5918,741,The
2020-02-24 12:00:47.655685,5921,741,The
2020-02-25 12:00:43.195481,5922,741,The
2020-02-26 12:00:46.795919,5923,743,The
2020-02-27 12:00:43.602424,5926,743,The
2020-02-28 12:00:47.904578,5926,743,The
2020-02-29 12:00:41.977873,5925,743,The
2020-03-01 12:00:42.899062,5930,743,The
2020-03-02 12:00:44.634604,5928,743,The
2020-03-03 12:00:43.299604,5929,76,743
2020-03-04 12:00:43.442821,5936,76,743
2020-03-05 12:00:43.469633,5935,76,743
2020-03-06 12:00:44.185048,5936,76,743
2020-03-07 12:00:46.506290,5934,76,744
2020-03-09 12:00:42.806609,5948,76,744
2020-03-10 12:00:43.884343,5947,76,744
2020-03-11 12:00:44.357997,5950,76,744
2020-03-12 12:00:43.731328,5956,76,744
2020-03-13 12:00:45.427590,5967,76,744
2020-03-14 12:00:42.946734,5949,76,746
2020-03-15 12:00:45.502584,5944,76,746
2020-03-16 12:00:51.431132,5955,76,746
2020-03-17 12:00:49.704345,5954,76,747
2020-03-18 12:00:46.472408,5957,76,747
2020-03-19 12:00:46.453082,5957,76,748
2020-03-20 12:00:48.406390,5955,76,748
2020-03-21 12:00:46.424373,5961,76,748
2020-03-22 12:01:03.450025,5963,76,748
2020-03-23 12:00:44.749037,5964,76,748
2020-03-24 12:00:48.374273,5964,76,748
2020-03-25 12:00:50.899178,5963,76,749
2020-03-26 12:00:51.495710,5968,76,749
2020-03-27 12:00:52.005032,5978,76,749
2020-03-28 12:00:47.935117,5982,76,749
2020-03-29 12:00:58.393408,5984,76,749
2020-03-30 12:00:51.669841,5990,77,750
2020-03-31 12:00:56.725768,Grinnell,has,photos
2020-04-01 12:01:01.277312,Grinnell,has,photos
2020-04-02 12:01:01.780126,Grinnell,has,photos
2020-04-03 12:01:28.510800,Grinnell,has,photos
2020-04-04 12:03:20.742933,Grinnell,has,photos
2020-04-05 12:00:56.856487,Grinnell,has,photos
2020-04-06 12:00:57.265871,Grinnell,has,photos
2020-04-07 12:01:03.674401,Grinnell,has,photos
2020-04-08 12:01:04.035541,Grinnell,has,photos
2020-04-09 12:01:01.579517,Grinnell,has,photos
2020-04-10 12:00:56.154940,Grinnell,has,photos
2020-04-11 12:00:52.930321,Grinnell,has,photos
2020-04-12 12:00:52.897822,Grinnell,has,photos
2020-04-13 12:00:54.514454,Grinnell,has,photos
2020-04-14 12:00:57.986446,Grinnell,has,photos
2020-04-15 12:00:56.869028,Grinnell,has,photos
2020-04-16 12:01:00.395117,Grinnell,has,photos
2020-04-17 12:00:54.351292,Grinnell,has,photos
2020-04-18 12:00:52.629344,Grinnell,has,photos
2020-04-19 12:00:54.133348,Grinnell,has,photos
2020-04-20 12:01:01.324397,Grinnell,has,photos
2020-04-21 12:00:57.380351,Grinnell,has,photos
2020-04-23 12:00:52.632305,Grinnell,has,photos
2020-04-24 12:00:56.295229,Grinnell,has,photos
2020-04-26 12:01:05.089498,Grinnell,has,photos
2020-04-27 12:00:51.162073,Grinnell,has,photos
2020-04-28 12:00:51.266889,Grinnell,has,photos
2020-04-29 12:01:35.407505,Grinnell,has,photos
2020-04-30 12:01:12.838641,Grinnell,has,photos
2020-05-01 12:01:10.238857,Grinnell,has,photos
2020-05-02 12:00:47.627979,Grinnell,has,photos
2020-05-03 12:00:50.146428,Grinnell,has,photos
2020-05-04 12:00:55.169986,Grinnell,has,photos
2020-05-05 12:00:51.058925,Grinnell,has,photos
2020-05-06 12:01:23.483519,Grinnell,has,photos
2020-05-07 12:00:46.781187,Grinnell,has,photos
2020-05-08 12:00:50.814085,Grinnell,has,photos
2020-05-09 12:01:10.445329,Grinnell,has,photos
2020-05-10 12:00:52.192887,Grinnell,has,photos
2020-05-11 12:00:58.544487,Grinnell,has,photos
2020-05-12 12:00:55.039323,Grinnell,has,photos
2020-05-13 12:01:27.936902,Grinnell,has,photos
2020-05-14 12:00:54.760175,Grinnell,has,photos
2020-05-15 12:00:52.287177,6044,81,759
2020-05-16 12:00:52.250294,6048,81,759
2020-05-17 12:00:53.732492,6049,81,760
2020-05-18 12:00:53.418029,6048,81,761
2020-05-19 12:00:52.436580,6048,81,761
2020-05-20 12:00:57.638294,6058,81,761
2020-05-21 12:00:54.456710,6064,81,761
2020-05-23 12:00:54.835421,6068,81,761
2020-05-25 12:01:01.471638,6067,81,761
2020-05-26 12:00:54.390243,6065,81,762
2020-05-27 12:00:54.526117,6067,81,762
2020-05-28 12:00:54.077204,6070,81,762
2020-05-29 12:00:57.749791,6078,81,762
2020-05-30 12:01:10.773388,6092,81,762
2020-05-31 12:01:00.432618,6097,81,762
2020-06-01 12:00:56.465325,6097,81,762
2020-06-02 12:01:04.738092,6099,81,762
2020-06-03 12:01:13.734378,6106,81,762
2020-06-05 12:00:58.771604,6111,82,762
2020-06-06 12:00:56.672389,6116,82,762
2020-06-07 12:01:00.418269,6119,82,762
2020-06-08 12:01:07.552454,6126,82,763
2020-06-09 12:01:06.426147,6127,81,763
2020-06-10 12:01:00.125242,6139,81,763
2020-06-11 12:00:57.506200,6144,81,764
2020-06-12 12:01:04.298470,6146,81,764
2020-06-13 12:00:54.997677,6151,81,764
2020-06-14 12:00:57.832110,6154,81,764
2020-06-15 12:00:57.678838,6154,81,764
2020-06-16 12:01:22.934983,6158,81,764
2020-06-17 12:01:08.472233,6157,81,764
2020-06-18 12:01:05.234045,6161,81,764
2020-06-19 12:01:01.948267,6162,81,764
2020-06-20 12:01:16.661413,6162,81,764
2020-06-21 12:01:43.415008,6155,81,764
2020-06-22 12:01:02.453610,6158,81,764
2020-06-23 12:01:08.725329,6159,81,764
2020-06-24 12:01:03.246285,6161,81,765
2020-06-25 12:01:05.462220,6160,81,765
2020-06-26 12:01:05.601016,6162,81,765
2020-06-27 12:01:13.214663,6164,81,765
2020-06-28 12:00:56.031984,6167,81,765
2020-06-29 12:00:59.993542,6170,81,765
2020-06-30 12:01:05.461988,6179,81,765
2020-07-01 12:01:18.591156,6180,81,765
2020-07-03 12:01:15.565007,6183,82,766
2020-07-04 12:01:01.096323,6189,82,766
2020-07-05 12:01:01.930028,6192,82,766
2020-07-06 12:01:03.588185,6192,82,766
2020-07-07 12:01:12.059773,6192,82,766
2020-07-08 12:00:54.925173,6199,82,766
2020-07-09 12:01:01.839636,6205,84,766
2020-07-10 12:00:57.668144,6211,84,766
2020-07-11 12:00:53.242992,6217,84,766
2020-07-12 12:00:54.789170,6215,84,766
2020-07-13 12:01:00.438678,6226,84,766
2020-07-14 12:01:01.265453,6228,84,768
2020-07-15 12:01:00.701116,6237,84,768
2020-07-16 12:01:35.930677,6238,92,769
2020-07-17 12:01:03.913803,6241,92,769
2020-07-18 12:00:58.583818,6243,92,769
2020-07-19 12:00:59.023039,6249,92,769
2020-07-20 12:00:58.784600,6249,91,769
2020-07-21 12:01:03.353426,6256,91,769
2020-07-22 12:01:01.661759,6259,91,769
2020-07-23 12:01:05.526192,6259,91,769
2020-07-24 12:00:59.111107,6261,92,769
2020-07-25 12:01:03.368362,6267,92,771
2020-07-26 12:00:59.797029,6271,92,771
2020-07-27 12:00:58.364989,6280,92,771
2020-07-28 12:01:05.904399,6287,92,771
2020-07-29 12:01:07.543240,6293,92,771
2020-07-30 12:01:11.020052,6300,92,771
2020-07-31 12:01:15.315229,6302,92,772
2020-08-02 12:01:00.058148,6305,92,772
2020-08-05 12:01:02.720571,6315,92,773
2020-08-06 12:01:10.349145,6317,93,773
2020-08-07 12:01:02.066549,6322,93,773
2020-08-08 12:01:00.608499,6329,93,773
2020-08-09 12:01:01.550663,6329,93,773
2020-08-10 12:01:30.869716,6328,93,773
2020-08-11 12:01:12.656030,6330,93,773
2020-08-12 12:01:21.972598,6329,93,773
2020-08-13 12:01:11.263882,6336,93,774
2020-08-14 12:01:08.878000,6342,93,775
2020-08-15 12:01:07.032215,6348,93,775
2020-08-16 12:01:16.646229,6352,93,775
2020-08-17 12:01:22.667348,6355,93,775
2020-08-18 12:01:32.276771,6357,93,775
2020-08-19 12:01:13.966293,6359,93,775
2020-08-20 12:01:27.456189,6361,93,775
2020-08-21 12:01:08.453771,6365,93,775
2020-08-22 12:01:10.163766,6371,93,775
2020-08-23 12:01:13.125530,6376,93,775
2020-08-24 12:01:14.121526,6380,93,775
2020-08-25 12:01:17.398658,6388,93,775
2020-08-26 12:01:34.543271,6389,93,775
2020-08-27 12:01:25.497786,6392,93,775
2020-08-28 12:01:43.642190,6390,93,776
2020-08-29 12:01:19.811931,6394,93,776
2020-08-30 12:01:13.802695,6394,93,776
2020-08-31 12:01:16.106068,6394,93,776
2020-09-02 12:01:14.709672,6398,93,777
2020-09-03 12:01:19.983458,6398,93,778
2020-09-04 12:01:28.480166,6408,93,778
2020-09-05 12:01:12.642315,6412,93,778
2020-09-06 12:01:13.042271,6409,93,778
2020-09-07 12:01:24.361877,6414,93,778
2020-09-08 12:01:15.968339,6416,93,778
2020-09-09 12:01:20.324643,6421,93,779
2020-09-10 12:01:18.269906,6430,93,780
2020-09-11 12:01:23.136010,6436,93,780
2020-09-12 12:01:21.247342,6436,93,780
2020-09-13 12:01:14.462087,6438,93,780
2020-09-14 12:01:21.102629,6437,93,781
2020-09-15 12:06:32.621529,6440,93,781
2020-09-16 12:01:16.769738,6444,93,781
2020-09-17 12:02:00.806885,6448,93,781
2020-09-18 12:01:27.695674,6443,93,781
2020-09-19 12:01:21.414305,6445,93,782
2020-09-20 12:01:17.680027,6449,93,782
2020-09-22 12:01:16.148023,6464,93,783
2020-09-23 12:01:16.154282,6474,93,783
2020-09-24 12:01:28.885258,6476,93,783
2020-09-25 12:01:38.945688,6480,93,783
2020-09-26 12:01:24.079272,6487,93,783
2020-09-27 12:01:18.775804,6490,93,783
2020-09-28 12:01:22.654720,6496,93,783
2020-09-29 12:01:45.393023,6494,93,784
2020-09-30 12:01:50.627641,6491,93,784
2020-10-01 12:01:21.080722,6504,93,784
2020-10-02 12:01:24.665779,6502,92,784
